{"/Users/antoninwelvart/Projets/entourage/entourage-job/backend/server.js": {"path":"/Users/antoninwelvart/Projets/entourage/entourage-job/backend/server.js","statementMap":{"0":{"start":{"line":1,"column":16},"end":{"line":1,"column":34}},"1":{"start":{"line":2,"column":16},"end":{"line":2,"column":42}},"2":{"start":{"line":3,"column":12},"end":{"line":3,"column":31}},"3":{"start":{"line":4,"column":16},"end":{"line":4,"column":41}},"4":{"start":{"line":6,"column":17},"end":{"line":6,"column":45}},"5":{"start":{"line":8,"column":16},"end":{"line":8,"column":45}},"6":{"start":{"line":9,"column":18},"end":{"line":9,"column":49}},"7":{"start":{"line":10,"column":18},"end":{"line":10,"column":49}},"8":{"start":{"line":11,"column":18},"end":{"line":11,"column":49}},"9":{"start":{"line":12,"column":25},"end":{"line":12,"column":63}},"10":{"start":{"line":14,"column":20},"end":{"line":14,"column":50}},"11":{"start":{"line":16,"column":12},"end":{"line":16,"column":21}},"12":{"start":{"line":20,"column":19},"end":{"line":20,"column":49}},"13":{"start":{"line":22,"column":0},"end":{"line":68,"column":2}},"14":{"start":{"line":24,"column":14},"end":{"line":24,"column":51}},"15":{"start":{"line":27,"column":2},"end":{"line":27,"column":63}},"16":{"start":{"line":27,"column":12},"end":{"line":27,"column":63}},"17":{"start":{"line":29,"column":2},"end":{"line":29,"column":28}},"18":{"start":{"line":31,"column":2},"end":{"line":31,"column":26}},"19":{"start":{"line":34,"column":2},"end":{"line":45,"column":4}},"20":{"start":{"line":49,"column":2},"end":{"line":49,"column":33}},"21":{"start":{"line":50,"column":2},"end":{"line":50,"column":30}},"22":{"start":{"line":53,"column":2},"end":{"line":53,"column":49}},"23":{"start":{"line":54,"column":2},"end":{"line":54,"column":45}},"24":{"start":{"line":55,"column":2},"end":{"line":55,"column":49}},"25":{"start":{"line":57,"column":2},"end":{"line":57,"column":63}},"26":{"start":{"line":58,"column":2},"end":{"line":58,"column":49}},"27":{"start":{"line":60,"column":2},"end":{"line":66,"column":5}},"28":{"start":{"line":61,"column":4},"end":{"line":64,"column":5}},"29":{"start":{"line":62,"column":6},"end":{"line":62,"column":60}},"30":{"start":{"line":63,"column":6},"end":{"line":63,"column":13}},"31":{"start":{"line":65,"column":4},"end":{"line":65,"column":11}},"32":{"start":{"line":67,"column":2},"end":{"line":67,"column":13}},"33":{"start":{"line":70,"column":0},"end":{"line":72,"column":2}},"34":{"start":{"line":71,"column":2},"end":{"line":71,"column":24}},"35":{"start":{"line":74,"column":0},"end":{"line":84,"column":2}},"36":{"start":{"line":75,"column":2},"end":{"line":83,"column":5}},"37":{"start":{"line":76,"column":4},"end":{"line":82,"column":7}},"38":{"start":{"line":77,"column":6},"end":{"line":81,"column":7}},"39":{"start":{"line":77,"column":15},"end":{"line":77,"column":27}},"40":{"start":{"line":79,"column":8},"end":{"line":79,"column":70}},"41":{"start":{"line":80,"column":8},"end":{"line":80,"column":18}},"42":{"start":{"line":86,"column":0},"end":{"line":89,"column":2}},"43":{"start":{"line":87,"column":2},"end":{"line":87,"column":57}},"44":{"start":{"line":87,"column":15},"end":{"line":87,"column":57}},"45":{"start":{"line":88,"column":2},"end":{"line":88,"column":23}}},"fnMap":{"0":{"name":"(anonymous_0)","decl":{"start":{"line":22,"column":25},"end":{"line":22,"column":26}},"loc":{"start":{"line":22,"column":31},"end":{"line":68,"column":1}},"line":22},"1":{"name":"(anonymous_1)","decl":{"start":{"line":60,"column":10},"end":{"line":60,"column":11}},"loc":{"start":{"line":60,"column":35},"end":{"line":66,"column":3}},"line":60},"2":{"name":"(anonymous_2)","decl":{"start":{"line":70,"column":21},"end":{"line":70,"column":22}},"loc":{"start":{"line":70,"column":39},"end":{"line":72,"column":1}},"line":70},"3":{"name":"(anonymous_3)","decl":{"start":{"line":74,"column":23},"end":{"line":74,"column":24}},"loc":{"start":{"line":74,"column":33},"end":{"line":84,"column":1}},"line":74},"4":{"name":"(anonymous_4)","decl":{"start":{"line":75,"column":21},"end":{"line":75,"column":22}},"loc":{"start":{"line":75,"column":42},"end":{"line":83,"column":3}},"line":75},"5":{"name":"(anonymous_5)","decl":{"start":{"line":76,"column":30},"end":{"line":76,"column":31}},"loc":{"start":{"line":76,"column":39},"end":{"line":82,"column":5}},"line":76},"6":{"name":"(anonymous_6)","decl":{"start":{"line":86,"column":23},"end":{"line":86,"column":24}},"loc":{"start":{"line":86,"column":35},"end":{"line":89,"column":1}},"line":86}},"branchMap":{"0":{"loc":{"start":{"line":27,"column":2},"end":{"line":27,"column":63}},"type":"if","locations":[{"start":{"line":27,"column":2},"end":{"line":27,"column":63}},{"start":{"line":27,"column":2},"end":{"line":27,"column":63}}],"line":27},"1":{"loc":{"start":{"line":61,"column":4},"end":{"line":64,"column":5}},"type":"if","locations":[{"start":{"line":61,"column":4},"end":{"line":64,"column":5}},{"start":{"line":61,"column":4},"end":{"line":64,"column":5}}],"line":61},"2":{"loc":{"start":{"line":77,"column":6},"end":{"line":81,"column":7}},"type":"if","locations":[{"start":{"line":77,"column":6},"end":{"line":81,"column":7}},{"start":{"line":77,"column":6},"end":{"line":81,"column":7}}],"line":77},"3":{"loc":{"start":{"line":87,"column":2},"end":{"line":87,"column":57}},"type":"if","locations":[{"start":{"line":87,"column":2},"end":{"line":87,"column":57}},{"start":{"line":87,"column":2},"end":{"line":87,"column":57}}],"line":87}},"s":{"0":5,"1":5,"2":5,"3":5,"4":5,"5":5,"6":5,"7":5,"8":5,"9":5,"10":5,"11":5,"12":5,"13":5,"14":5,"15":5,"16":0,"17":5,"18":5,"19":5,"20":5,"21":5,"22":5,"23":5,"24":5,"25":5,"26":5,"27":5,"28":8,"29":8,"30":8,"31":0,"32":5,"33":5,"34":0,"35":5,"36":5,"37":5,"38":5,"39":0,"40":5,"41":5,"42":5,"43":5,"44":0,"45":5},"f":{"0":5,"1":8,"2":0,"3":5,"4":5,"5":5,"6":5},"b":{"0":[0,5],"1":[8,0],"2":[0,5],"3":[0,5]},"_coverageSchema":"1a1c01bbd47fc00a2c39e90264f33305004495a9","hash":"5e63b65ac786a41f7cf2088b3448f296fa9705cb"}
,"/Users/antoninwelvart/Projets/entourage/entourage-job/backend/shareImage.js": {"path":"/Users/antoninwelvart/Projets/entourage/entourage-job/backend/shareImage.js","statementMap":{"0":{"start":{"line":1,"column":14},"end":{"line":1,"column":30}},"1":{"start":{"line":2,"column":18},"end":{"line":2,"column":40}},"2":{"start":{"line":4,"column":18},"end":{"line":4,"column":73}},"3":{"start":{"line":5,"column":22},"end":{"line":5,"column":75}},"4":{"start":{"line":8,"column":19},"end":{"line":27,"column":1}},"5":{"start":{"line":9,"column":21},"end":{"line":11,"column":3}},"6":{"start":{"line":10,"column":4},"end":{"line":10,"column":49}},"7":{"start":{"line":12,"column":18},"end":{"line":14,"column":3}},"8":{"start":{"line":13,"column":34},"end":{"line":13,"column":54}},"9":{"start":{"line":15,"column":20},"end":{"line":19,"column":3}},"10":{"start":{"line":17,"column":6},"end":{"line":17,"column":55}},"11":{"start":{"line":17,"column":46},"end":{"line":17,"column":54}},"12":{"start":{"line":20,"column":17},"end":{"line":20,"column":52}},"13":{"start":{"line":20,"column":46},"end":{"line":20,"column":51}},"14":{"start":{"line":21,"column":18},"end":{"line":21,"column":55}},"15":{"start":{"line":21,"column":48},"end":{"line":21,"column":54}},"16":{"start":{"line":22,"column":2},"end":{"line":26,"column":4}},"17":{"start":{"line":28,"column":18},"end":{"line":37,"column":1}},"18":{"start":{"line":29,"column":20},"end":{"line":29,"column":71}},"19":{"start":{"line":30,"column":17},"end":{"line":30,"column":43}},"20":{"start":{"line":31,"column":28},"end":{"line":31,"column":54}},"21":{"start":{"line":32,"column":2},"end":{"line":36,"column":4}},"22":{"start":{"line":39,"column":24},"end":{"line":45,"column":2}},"23":{"start":{"line":39,"column":46},"end":{"line":45,"column":1}},"24":{"start":{"line":47,"column":23},"end":{"line":83,"column":1}},"25":{"start":{"line":48,"column":16},"end":{"line":48,"column":18}},"26":{"start":{"line":49,"column":13},"end":{"line":49,"column":15}},"27":{"start":{"line":50,"column":16},"end":{"line":50,"column":31}},"28":{"start":{"line":52,"column":2},"end":{"line":76,"column":3}},"29":{"start":{"line":52,"column":19},"end":{"line":52,"column":20}},"30":{"start":{"line":53,"column":17},"end":{"line":53,"column":29}},"31":{"start":{"line":55,"column":4},"end":{"line":59,"column":5}},"32":{"start":{"line":56,"column":6},"end":{"line":56,"column":33}},"33":{"start":{"line":57,"column":6},"end":{"line":57,"column":16}},"34":{"start":{"line":58,"column":6},"end":{"line":58,"column":15}},"35":{"start":{"line":61,"column":4},"end":{"line":75,"column":5}},"36":{"start":{"line":62,"column":6},"end":{"line":72,"column":7}},"37":{"start":{"line":63,"column":8},"end":{"line":65,"column":55}},"38":{"start":{"line":64,"column":10},"end":{"line":64,"column":60}},"39":{"start":{"line":66,"column":8},"end":{"line":66,"column":35}},"40":{"start":{"line":67,"column":8},"end":{"line":67,"column":18}},"41":{"start":{"line":68,"column":8},"end":{"line":68,"column":14}},"42":{"start":{"line":70,"column":8},"end":{"line":70,"column":35}},"43":{"start":{"line":71,"column":8},"end":{"line":71,"column":22}},"44":{"start":{"line":74,"column":6},"end":{"line":74,"column":22}},"45":{"start":{"line":78,"column":2},"end":{"line":80,"column":3}},"46":{"start":{"line":79,"column":4},"end":{"line":79,"column":31}},"47":{"start":{"line":82,"column":2},"end":{"line":82,"column":15}},"48":{"start":{"line":85,"column":23},"end":{"line":99,"column":1}},"49":{"start":{"line":86,"column":13},"end":{"line":86,"column":15}},"50":{"start":{"line":87,"column":2},"end":{"line":97,"column":3}},"51":{"start":{"line":87,"column":15},"end":{"line":87,"column":16}},"52":{"start":{"line":88,"column":17},"end":{"line":88,"column":24}},"53":{"start":{"line":89,"column":4},"end":{"line":95,"column":5}},"54":{"start":{"line":91,"column":6},"end":{"line":93,"column":43}},"55":{"start":{"line":92,"column":8},"end":{"line":92,"column":54}},"56":{"start":{"line":94,"column":6},"end":{"line":94,"column":18}},"57":{"start":{"line":96,"column":4},"end":{"line":96,"column":17}},"58":{"start":{"line":98,"column":2},"end":{"line":98,"column":14}},"59":{"start":{"line":102,"column":32},"end":{"line":497,"column":1}},"60":{"start":{"line":111,"column":20},"end":{"line":358,"column":3}},"61":{"start":{"line":112,"column":22},"end":{"line":112,"column":37}},"62":{"start":{"line":114,"column":20},"end":{"line":120,"column":5}},"63":{"start":{"line":123,"column":55},"end":{"line":131,"column":5}},"64":{"start":{"line":126,"column":18},"end":{"line":126,"column":62}},"65":{"start":{"line":134,"column":30},"end":{"line":134,"column":31}},"66":{"start":{"line":135,"column":30},"end":{"line":135,"column":31}},"67":{"start":{"line":139,"column":8},"end":{"line":150,"column":5}},"68":{"start":{"line":144,"column":17},"end":{"line":144,"column":60}},"69":{"start":{"line":153,"column":25},"end":{"line":153,"column":27}},"70":{"start":{"line":154,"column":24},"end":{"line":154,"column":25}},"71":{"start":{"line":155,"column":61},"end":{"line":167,"column":5}},"72":{"start":{"line":159,"column":10},"end":{"line":163,"column":11}},"73":{"start":{"line":161,"column":22},"end":{"line":161,"column":70}},"74":{"start":{"line":170,"column":26},"end":{"line":170,"column":27}},"75":{"start":{"line":174,"column":8},"end":{"line":187,"column":5}},"76":{"start":{"line":181,"column":17},"end":{"line":181,"column":60}},"77":{"start":{"line":190,"column":27},"end":{"line":190,"column":28}},"78":{"start":{"line":191,"column":37},"end":{"line":191,"column":38}},"79":{"start":{"line":192,"column":37},"end":{"line":192,"column":39}},"80":{"start":{"line":197,"column":8},"end":{"line":209,"column":5}},"81":{"start":{"line":201,"column":10},"end":{"line":205,"column":11}},"82":{"start":{"line":203,"column":22},"end":{"line":203,"column":70}},"83":{"start":{"line":212,"column":27},"end":{"line":212,"column":28}},"84":{"start":{"line":213,"column":27},"end":{"line":213,"column":29}},"85":{"start":{"line":218,"column":8},"end":{"line":230,"column":5}},"86":{"start":{"line":222,"column":10},"end":{"line":226,"column":11}},"87":{"start":{"line":224,"column":22},"end":{"line":224,"column":70}},"88":{"start":{"line":233,"column":4},"end":{"line":357,"column":18}},"89":{"start":{"line":248,"column":52},"end":{"line":261,"column":9}},"90":{"start":{"line":255,"column":14},"end":{"line":257,"column":15}},"91":{"start":{"line":256,"column":16},"end":{"line":256,"column":27}},"92":{"start":{"line":258,"column":14},"end":{"line":258,"column":51}},"93":{"start":{"line":262,"column":47},"end":{"line":278,"column":9}},"94":{"start":{"line":271,"column":14},"end":{"line":273,"column":15}},"95":{"start":{"line":272,"column":16},"end":{"line":272,"column":27}},"96":{"start":{"line":274,"column":14},"end":{"line":274,"column":45}},"97":{"start":{"line":276,"column":51},"end":{"line":276,"column":60}},"98":{"start":{"line":281,"column":49},"end":{"line":300,"column":9}},"99":{"start":{"line":286,"column":14},"end":{"line":288,"column":15}},"100":{"start":{"line":287,"column":16},"end":{"line":287,"column":53}},"101":{"start":{"line":289,"column":14},"end":{"line":289,"column":25}},"102":{"start":{"line":292,"column":28},"end":{"line":292,"column":54}},"103":{"start":{"line":297,"column":49},"end":{"line":297,"column":75}},"104":{"start":{"line":302,"column":59},"end":{"line":324,"column":9}},"105":{"start":{"line":314,"column":14},"end":{"line":316,"column":15}},"106":{"start":{"line":315,"column":16},"end":{"line":315,"column":50}},"107":{"start":{"line":317,"column":14},"end":{"line":317,"column":25}},"108":{"start":{"line":321,"column":49},"end":{"line":321,"column":75}},"109":{"start":{"line":326,"column":50},"end":{"line":340,"column":9}},"110":{"start":{"line":331,"column":14},"end":{"line":333,"column":15}},"111":{"start":{"line":332,"column":16},"end":{"line":332,"column":50}},"112":{"start":{"line":334,"column":14},"end":{"line":334,"column":25}},"113":{"start":{"line":337,"column":49},"end":{"line":337,"column":75}},"114":{"start":{"line":342,"column":50},"end":{"line":354,"column":9}},"115":{"start":{"line":347,"column":14},"end":{"line":349,"column":15}},"116":{"start":{"line":348,"column":16},"end":{"line":348,"column":50}},"117":{"start":{"line":350,"column":14},"end":{"line":350,"column":25}},"118":{"start":{"line":360,"column":18},"end":{"line":473,"column":3}},"119":{"start":{"line":361,"column":25},"end":{"line":361,"column":40}},"120":{"start":{"line":362,"column":23},"end":{"line":362,"column":46}},"121":{"start":{"line":363,"column":22},"end":{"line":363,"column":48}},"122":{"start":{"line":364,"column":25},"end":{"line":364,"column":52}},"123":{"start":{"line":365,"column":24},"end":{"line":365,"column":49}},"124":{"start":{"line":366,"column":25},"end":{"line":366,"column":27}},"125":{"start":{"line":367,"column":23},"end":{"line":367,"column":41}},"126":{"start":{"line":370,"column":17},"end":{"line":372,"column":12}},"127":{"start":{"line":373,"column":23},"end":{"line":373,"column":44}},"128":{"start":{"line":374,"column":22},"end":{"line":378,"column":7}},"129":{"start":{"line":377,"column":8},"end":{"line":377,"column":67}},"130":{"start":{"line":379,"column":25},"end":{"line":383,"column":5}},"131":{"start":{"line":386,"column":22},"end":{"line":467,"column":12}},"132":{"start":{"line":468,"column":4},"end":{"line":472,"column":6}},"133":{"start":{"line":475,"column":16},"end":{"line":475,"column":19}},"134":{"start":{"line":476,"column":21},"end":{"line":476,"column":44}},"135":{"start":{"line":477,"column":22},"end":{"line":477,"column":45}},"136":{"start":{"line":478,"column":22},"end":{"line":478,"column":24}},"137":{"start":{"line":479,"column":19},"end":{"line":479,"column":22}},"138":{"start":{"line":484,"column":6},"end":{"line":484,"column":42}},"139":{"start":{"line":486,"column":2},"end":{"line":496,"column":15}},"140":{"start":{"line":499,"column":0},"end":{"line":499,"column":41}}},"fnMap":{"0":{"name":"(anonymous_0)","decl":{"start":{"line":8,"column":19},"end":{"line":8,"column":20}},"loc":{"start":{"line":8,"column":50},"end":{"line":27,"column":1}},"line":8},"1":{"name":"(anonymous_1)","decl":{"start":{"line":9,"column":31},"end":{"line":9,"column":32}},"loc":{"start":{"line":10,"column":4},"end":{"line":10,"column":49}},"line":10},"2":{"name":"(anonymous_2)","decl":{"start":{"line":13,"column":19},"end":{"line":13,"column":20}},"loc":{"start":{"line":13,"column":34},"end":{"line":13,"column":54}},"line":13},"3":{"name":"(anonymous_3)","decl":{"start":{"line":16,"column":19},"end":{"line":16,"column":20}},"loc":{"start":{"line":17,"column":6},"end":{"line":17,"column":55}},"line":17},"4":{"name":"(anonymous_4)","decl":{"start":{"line":17,"column":32},"end":{"line":17,"column":33}},"loc":{"start":{"line":17,"column":46},"end":{"line":17,"column":54}},"line":17},"5":{"name":"(anonymous_5)","decl":{"start":{"line":20,"column":31},"end":{"line":20,"column":32}},"loc":{"start":{"line":20,"column":46},"end":{"line":20,"column":51}},"line":20},"6":{"name":"(anonymous_6)","decl":{"start":{"line":21,"column":32},"end":{"line":21,"column":33}},"loc":{"start":{"line":21,"column":48},"end":{"line":21,"column":54}},"line":21},"7":{"name":"(anonymous_7)","decl":{"start":{"line":28,"column":18},"end":{"line":28,"column":19}},"loc":{"start":{"line":28,"column":48},"end":{"line":37,"column":1}},"line":28},"8":{"name":"(anonymous_8)","decl":{"start":{"line":39,"column":24},"end":{"line":39,"column":25}},"loc":{"start":{"line":39,"column":46},"end":{"line":45,"column":1}},"line":39},"9":{"name":"(anonymous_9)","decl":{"start":{"line":47,"column":23},"end":{"line":47,"column":24}},"loc":{"start":{"line":47,"column":62},"end":{"line":83,"column":1}},"line":47},"10":{"name":"(anonymous_10)","decl":{"start":{"line":85,"column":23},"end":{"line":85,"column":24}},"loc":{"start":{"line":85,"column":53},"end":{"line":99,"column":1}},"line":85},"11":{"name":"(anonymous_11)","decl":{"start":{"line":102,"column":32},"end":{"line":102,"column":33}},"loc":{"start":{"line":110,"column":5},"end":{"line":497,"column":1}},"line":110},"12":{"name":"(anonymous_12)","decl":{"start":{"line":111,"column":20},"end":{"line":111,"column":21}},"loc":{"start":{"line":111,"column":71},"end":{"line":358,"column":3}},"line":111},"13":{"name":"(anonymous_13)","decl":{"start":{"line":126,"column":8},"end":{"line":126,"column":9}},"loc":{"start":{"line":126,"column":18},"end":{"line":126,"column":62}},"line":126},"14":{"name":"(anonymous_14)","decl":{"start":{"line":144,"column":8},"end":{"line":144,"column":9}},"loc":{"start":{"line":144,"column":17},"end":{"line":144,"column":60}},"line":144},"15":{"name":"(anonymous_15)","decl":{"start":{"line":158,"column":13},"end":{"line":158,"column":14}},"loc":{"start":{"line":159,"column":10},"end":{"line":163,"column":11}},"line":159},"16":{"name":"(anonymous_16)","decl":{"start":{"line":161,"column":12},"end":{"line":161,"column":13}},"loc":{"start":{"line":161,"column":22},"end":{"line":161,"column":70}},"line":161},"17":{"name":"(anonymous_17)","decl":{"start":{"line":181,"column":8},"end":{"line":181,"column":9}},"loc":{"start":{"line":181,"column":17},"end":{"line":181,"column":60}},"line":181},"18":{"name":"(anonymous_18)","decl":{"start":{"line":200,"column":13},"end":{"line":200,"column":14}},"loc":{"start":{"line":201,"column":10},"end":{"line":205,"column":11}},"line":201},"19":{"name":"(anonymous_19)","decl":{"start":{"line":203,"column":12},"end":{"line":203,"column":13}},"loc":{"start":{"line":203,"column":22},"end":{"line":203,"column":70}},"line":203},"20":{"name":"(anonymous_20)","decl":{"start":{"line":221,"column":13},"end":{"line":221,"column":14}},"loc":{"start":{"line":222,"column":10},"end":{"line":226,"column":11}},"line":222},"21":{"name":"(anonymous_21)","decl":{"start":{"line":224,"column":12},"end":{"line":224,"column":13}},"loc":{"start":{"line":224,"column":22},"end":{"line":224,"column":70}},"line":224},"22":{"name":"(anonymous_22)","decl":{"start":{"line":248,"column":33},"end":{"line":248,"column":34}},"loc":{"start":{"line":248,"column":52},"end":{"line":261,"column":9}},"line":248},"23":{"name":"(anonymous_23)","decl":{"start":{"line":254,"column":37},"end":{"line":254,"column":38}},"loc":{"start":{"line":254,"column":55},"end":{"line":259,"column":13}},"line":254},"24":{"name":"(anonymous_24)","decl":{"start":{"line":262,"column":28},"end":{"line":262,"column":29}},"loc":{"start":{"line":262,"column":47},"end":{"line":278,"column":9}},"line":262},"25":{"name":"(anonymous_25)","decl":{"start":{"line":270,"column":32},"end":{"line":270,"column":33}},"loc":{"start":{"line":270,"column":50},"end":{"line":275,"column":13}},"line":270},"26":{"name":"(anonymous_26)","decl":{"start":{"line":276,"column":37},"end":{"line":276,"column":38}},"loc":{"start":{"line":276,"column":51},"end":{"line":276,"column":60}},"line":276},"27":{"name":"(anonymous_27)","decl":{"start":{"line":281,"column":30},"end":{"line":281,"column":31}},"loc":{"start":{"line":281,"column":49},"end":{"line":300,"column":9}},"line":281},"28":{"name":"(anonymous_28)","decl":{"start":{"line":285,"column":34},"end":{"line":285,"column":35}},"loc":{"start":{"line":285,"column":52},"end":{"line":290,"column":13}},"line":285},"29":{"name":"(anonymous_29)","decl":{"start":{"line":292,"column":14},"end":{"line":292,"column":15}},"loc":{"start":{"line":292,"column":28},"end":{"line":292,"column":54}},"line":292},"30":{"name":"(anonymous_30)","decl":{"start":{"line":297,"column":35},"end":{"line":297,"column":36}},"loc":{"start":{"line":297,"column":49},"end":{"line":297,"column":75}},"line":297},"31":{"name":"(anonymous_31)","decl":{"start":{"line":302,"column":31},"end":{"line":302,"column":32}},"loc":{"start":{"line":302,"column":59},"end":{"line":324,"column":9}},"line":302},"32":{"name":"(anonymous_32)","decl":{"start":{"line":313,"column":35},"end":{"line":313,"column":36}},"loc":{"start":{"line":313,"column":53},"end":{"line":318,"column":13}},"line":313},"33":{"name":"(anonymous_33)","decl":{"start":{"line":321,"column":35},"end":{"line":321,"column":36}},"loc":{"start":{"line":321,"column":49},"end":{"line":321,"column":75}},"line":321},"34":{"name":"(anonymous_34)","decl":{"start":{"line":326,"column":31},"end":{"line":326,"column":32}},"loc":{"start":{"line":326,"column":50},"end":{"line":340,"column":9}},"line":326},"35":{"name":"(anonymous_35)","decl":{"start":{"line":330,"column":35},"end":{"line":330,"column":36}},"loc":{"start":{"line":330,"column":53},"end":{"line":335,"column":13}},"line":330},"36":{"name":"(anonymous_36)","decl":{"start":{"line":337,"column":35},"end":{"line":337,"column":36}},"loc":{"start":{"line":337,"column":49},"end":{"line":337,"column":75}},"line":337},"37":{"name":"(anonymous_37)","decl":{"start":{"line":342,"column":31},"end":{"line":342,"column":32}},"loc":{"start":{"line":342,"column":50},"end":{"line":354,"column":9}},"line":342},"38":{"name":"(anonymous_38)","decl":{"start":{"line":346,"column":35},"end":{"line":346,"column":36}},"loc":{"start":{"line":346,"column":53},"end":{"line":351,"column":13}},"line":346},"39":{"name":"(anonymous_39)","decl":{"start":{"line":360,"column":18},"end":{"line":360,"column":19}},"loc":{"start":{"line":360,"column":51},"end":{"line":473,"column":3}},"line":360},"40":{"name":"(anonymous_40)","decl":{"start":{"line":376,"column":12},"end":{"line":376,"column":13}},"loc":{"start":{"line":377,"column":8},"end":{"line":377,"column":67}},"line":377}},"branchMap":{"0":{"loc":{"start":{"line":55,"column":4},"end":{"line":59,"column":5}},"type":"if","locations":[{"start":{"line":55,"column":4},"end":{"line":59,"column":5}},{"start":{"line":55,"column":4},"end":{"line":59,"column":5}}],"line":55},"1":{"loc":{"start":{"line":61,"column":4},"end":{"line":75,"column":5}},"type":"if","locations":[{"start":{"line":61,"column":4},"end":{"line":75,"column":5}},{"start":{"line":61,"column":4},"end":{"line":75,"column":5}}],"line":61},"2":{"loc":{"start":{"line":62,"column":6},"end":{"line":72,"column":7}},"type":"if","locations":[{"start":{"line":62,"column":6},"end":{"line":72,"column":7}},{"start":{"line":62,"column":6},"end":{"line":72,"column":7}}],"line":62},"3":{"loc":{"start":{"line":78,"column":2},"end":{"line":80,"column":3}},"type":"if","locations":[{"start":{"line":78,"column":2},"end":{"line":80,"column":3}},{"start":{"line":78,"column":2},"end":{"line":80,"column":3}}],"line":78},"4":{"loc":{"start":{"line":89,"column":4},"end":{"line":95,"column":5}},"type":"if","locations":[{"start":{"line":89,"column":4},"end":{"line":95,"column":5}},{"start":{"line":89,"column":4},"end":{"line":95,"column":5}}],"line":89},"5":{"loc":{"start":{"line":141,"column":8},"end":{"line":143,"column":49}},"type":"cond-expr","locations":[{"start":{"line":142,"column":12},"end":{"line":142,"column":23}},{"start":{"line":143,"column":12},"end":{"line":143,"column":49}}],"line":141},"6":{"loc":{"start":{"line":141,"column":8},"end":{"line":141,"column":45}},"type":"binary-expr","locations":[{"start":{"line":141,"column":8},"end":{"line":141,"column":19}},{"start":{"line":141,"column":23},"end":{"line":141,"column":45}}],"line":141},"7":{"loc":{"start":{"line":176,"column":8},"end":{"line":180,"column":37}},"type":"cond-expr","locations":[{"start":{"line":177,"column":12},"end":{"line":177,"column":46}},{"start":{"line":178,"column":12},"end":{"line":180,"column":37}}],"line":176},"8":{"loc":{"start":{"line":176,"column":8},"end":{"line":176,"column":41}},"type":"binary-expr","locations":[{"start":{"line":176,"column":8},"end":{"line":176,"column":17}},{"start":{"line":176,"column":21},"end":{"line":176,"column":41}}],"line":176},"9":{"loc":{"start":{"line":179,"column":14},"end":{"line":179,"column":49}},"type":"cond-expr","locations":[{"start":{"line":179,"column":29},"end":{"line":179,"column":37}},{"start":{"line":179,"column":40},"end":{"line":179,"column":49}}],"line":179},"10":{"loc":{"start":{"line":255,"column":14},"end":{"line":257,"column":15}},"type":"if","locations":[{"start":{"line":255,"column":14},"end":{"line":257,"column":15}},{"start":{"line":255,"column":14},"end":{"line":257,"column":15}}],"line":255},"11":{"loc":{"start":{"line":271,"column":14},"end":{"line":273,"column":15}},"type":"if","locations":[{"start":{"line":271,"column":14},"end":{"line":273,"column":15}},{"start":{"line":271,"column":14},"end":{"line":273,"column":15}}],"line":271},"12":{"loc":{"start":{"line":286,"column":14},"end":{"line":288,"column":15}},"type":"if","locations":[{"start":{"line":286,"column":14},"end":{"line":288,"column":15}},{"start":{"line":286,"column":14},"end":{"line":288,"column":15}}],"line":286},"13":{"loc":{"start":{"line":314,"column":14},"end":{"line":316,"column":15}},"type":"if","locations":[{"start":{"line":314,"column":14},"end":{"line":316,"column":15}},{"start":{"line":314,"column":14},"end":{"line":316,"column":15}}],"line":314},"14":{"loc":{"start":{"line":331,"column":14},"end":{"line":333,"column":15}},"type":"if","locations":[{"start":{"line":331,"column":14},"end":{"line":333,"column":15}},{"start":{"line":331,"column":14},"end":{"line":333,"column":15}}],"line":331},"15":{"loc":{"start":{"line":347,"column":14},"end":{"line":349,"column":15}},"type":"if","locations":[{"start":{"line":347,"column":14},"end":{"line":349,"column":15}},{"start":{"line":347,"column":14},"end":{"line":349,"column":15}}],"line":347}},"s":{"0":5,"1":5,"2":5,"3":5,"4":5,"5":0,"6":0,"7":0,"8":0,"9":0,"10":0,"11":0,"12":0,"13":0,"14":0,"15":0,"16":0,"17":5,"18":0,"19":0,"20":0,"21":0,"22":5,"23":0,"24":5,"25":0,"26":0,"27":0,"28":0,"29":0,"30":0,"31":0,"32":0,"33":0,"34":0,"35":0,"36":0,"37":0,"38":0,"39":0,"40":0,"41":0,"42":0,"43":0,"44":0,"45":0,"46":0,"47":0,"48":5,"49":0,"50":0,"51":0,"52":0,"53":0,"54":0,"55":0,"56":0,"57":0,"58":0,"59":5,"60":0,"61":0,"62":0,"63":0,"64":0,"65":0,"66":0,"67":0,"68":0,"69":0,"70":0,"71":0,"72":0,"73":0,"74":0,"75":0,"76":0,"77":0,"78":0,"79":0,"80":0,"81":0,"82":0,"83":0,"84":0,"85":0,"86":0,"87":0,"88":0,"89":0,"90":0,"91":0,"92":0,"93":0,"94":0,"95":0,"96":0,"97":0,"98":0,"99":0,"100":0,"101":0,"102":0,"103":0,"104":0,"105":0,"106":0,"107":0,"108":0,"109":0,"110":0,"111":0,"112":0,"113":0,"114":0,"115":0,"116":0,"117":0,"118":0,"119":0,"120":0,"121":0,"122":0,"123":0,"124":0,"125":0,"126":0,"127":0,"128":0,"129":0,"130":0,"131":0,"132":0,"133":0,"134":0,"135":0,"136":0,"137":0,"138":0,"139":0,"140":5},"f":{"0":0,"1":0,"2":0,"3":0,"4":0,"5":0,"6":0,"7":0,"8":0,"9":0,"10":0,"11":0,"12":0,"13":0,"14":0,"15":0,"16":0,"17":0,"18":0,"19":0,"20":0,"21":0,"22":0,"23":0,"24":0,"25":0,"26":0,"27":0,"28":0,"29":0,"30":0,"31":0,"32":0,"33":0,"34":0,"35":0,"36":0,"37":0,"38":0,"39":0,"40":0},"b":{"0":[0,0],"1":[0,0],"2":[0,0],"3":[0,0],"4":[0,0],"5":[0,0],"6":[0,0],"7":[0,0],"8":[0,0],"9":[0,0],"10":[0,0],"11":[0,0],"12":[0,0],"13":[0,0],"14":[0,0],"15":[0,0]},"_coverageSchema":"1a1c01bbd47fc00a2c39e90264f33305004495a9","hash":"a86f0e7767ec471281a49becb117dfde7d06d85c"}
,"/Users/antoninwelvart/Projets/entourage/entourage-job/backend/config/passport.js": {"path":"/Users/antoninwelvart/Projets/entourage/entourage-job/backend/config/passport.js","statementMap":{"0":{"start":{"line":3,"column":17},"end":{"line":3,"column":36}},"1":{"start":{"line":4,"column":22},"end":{"line":4,"column":47}},"2":{"start":{"line":6,"column":23},"end":{"line":6,"column":53}},"3":{"start":{"line":7,"column":23},"end":{"line":7,"column":53}},"4":{"start":{"line":10,"column":0},"end":{"line":10,"column":57}},"5":{"start":{"line":10,"column":39},"end":{"line":10,"column":55}},"6":{"start":{"line":11,"column":0},"end":{"line":11,"column":59}},"7":{"start":{"line":11,"column":41},"end":{"line":11,"column":57}},"8":{"start":{"line":13,"column":0},"end":{"line":46,"column":2}},"9":{"start":{"line":15,"column":4},"end":{"line":40,"column":6}},"10":{"start":{"line":21,"column":10},"end":{"line":37,"column":68}},"11":{"start":{"line":23,"column":14},"end":{"line":34,"column":15}},"12":{"start":{"line":31,"column":16},"end":{"line":33,"column":19}},"13":{"start":{"line":35,"column":14},"end":{"line":35,"column":38}},"14":{"start":{"line":37,"column":30},"end":{"line":37,"column":54}},"15":{"start":{"line":37,"column":55},"end":{"line":37,"column":64}},"16":{"start":{"line":41,"column":4},"end":{"line":41,"column":33}},"17":{"start":{"line":44,"column":4},"end":{"line":44,"column":30}}},"fnMap":{"0":{"name":"(anonymous_0)","decl":{"start":{"line":10,"column":23},"end":{"line":10,"column":24}},"loc":{"start":{"line":10,"column":39},"end":{"line":10,"column":55}},"line":10},"1":{"name":"(anonymous_1)","decl":{"start":{"line":11,"column":25},"end":{"line":11,"column":26}},"loc":{"start":{"line":11,"column":41},"end":{"line":11,"column":57}},"line":11},"2":{"name":"(anonymous_2)","decl":{"start":{"line":14,"column":2},"end":{"line":14,"column":3}},"loc":{"start":{"line":14,"column":15},"end":{"line":42,"column":3}},"line":14},"3":{"name":"(anonymous_3)","decl":{"start":{"line":20,"column":8},"end":{"line":20,"column":9}},"loc":{"start":{"line":20,"column":35},"end":{"line":38,"column":9}},"line":20},"4":{"name":"(anonymous_4)","decl":{"start":{"line":22,"column":18},"end":{"line":22,"column":19}},"loc":{"start":{"line":22,"column":28},"end":{"line":36,"column":13}},"line":22},"5":{"name":"(anonymous_5)","decl":{"start":{"line":37,"column":19},"end":{"line":37,"column":20}},"loc":{"start":{"line":37,"column":28},"end":{"line":37,"column":66}},"line":37},"6":{"name":"(anonymous_6)","decl":{"start":{"line":43,"column":2},"end":{"line":43,"column":3}},"loc":{"start":{"line":43,"column":12},"end":{"line":45,"column":3}},"line":43}},"branchMap":{"0":{"loc":{"start":{"line":23,"column":14},"end":{"line":34,"column":15}},"type":"if","locations":[{"start":{"line":23,"column":14},"end":{"line":34,"column":15}},{"start":{"line":23,"column":14},"end":{"line":34,"column":15}}],"line":23},"1":{"loc":{"start":{"line":24,"column":16},"end":{"line":29,"column":17}},"type":"binary-expr","locations":[{"start":{"line":24,"column":16},"end":{"line":24,"column":21}},{"start":{"line":25,"column":16},"end":{"line":29,"column":17}}],"line":24}},"s":{"0":5,"1":5,"2":5,"3":5,"4":5,"5":0,"6":5,"7":0,"8":5,"9":5,"10":22,"11":22,"12":2,"13":20,"14":0,"15":0,"16":5,"17":5},"f":{"0":0,"1":0,"2":5,"3":22,"4":22,"5":0,"6":5},"b":{"0":[2,20],"1":[22,21]},"_coverageSchema":"1a1c01bbd47fc00a2c39e90264f33305004495a9","hash":"4c1621f56dfdb6ea38aa039c6fc344be7a02918a"}
,"/Users/antoninwelvart/Projets/entourage/entourage-job/backend/controllers/Auth.js": {"path":"/Users/antoninwelvart/Projets/entourage/entourage-job/backend/controllers/Auth.js","statementMap":{"0":{"start":{"line":2,"column":15},"end":{"line":2,"column":32}},"1":{"start":{"line":3,"column":12},"end":{"line":3,"column":35}},"2":{"start":{"line":4,"column":19},"end":{"line":4,"column":41}},"3":{"start":{"line":7,"column":15},"end":{"line":7,"column":53}},"4":{"start":{"line":8,"column":15},"end":{"line":10,"column":20}},"5":{"start":{"line":12,"column":2},"end":{"line":15,"column":4}},"6":{"start":{"line":19,"column":23},"end":{"line":21,"column":20}},"7":{"start":{"line":23,"column":2},"end":{"line":23,"column":31}},"8":{"start":{"line":28,"column":16},"end":{"line":28,"column":26}},"9":{"start":{"line":29,"column":25},"end":{"line":29,"column":40}},"10":{"start":{"line":30,"column":2},"end":{"line":30,"column":47}},"11":{"start":{"line":32,"column":19},"end":{"line":32,"column":23}},"12":{"start":{"line":33,"column":2},"end":{"line":35,"column":3}},"13":{"start":{"line":34,"column":4},"end":{"line":34,"column":40}},"14":{"start":{"line":37,"column":16},"end":{"line":37,"column":20}},"15":{"start":{"line":38,"column":2},"end":{"line":40,"column":3}},"16":{"start":{"line":39,"column":4},"end":{"line":39,"column":37}},"17":{"start":{"line":42,"column":2},"end":{"line":56,"column":4}},"18":{"start":{"line":60,"column":17},"end":{"line":60,"column":21}},"19":{"start":{"line":61,"column":2},"end":{"line":63,"column":3}},"20":{"start":{"line":62,"column":4},"end":{"line":62,"column":35}},"21":{"start":{"line":65,"column":14},"end":{"line":65,"column":18}},"22":{"start":{"line":66,"column":2},"end":{"line":68,"column":3}},"23":{"start":{"line":67,"column":4},"end":{"line":67,"column":32}},"24":{"start":{"line":70,"column":2},"end":{"line":81,"column":4}},"25":{"start":{"line":84,"column":28},"end":{"line":96,"column":1}},"26":{"start":{"line":89,"column":6},"end":{"line":89,"column":9}},"27":{"start":{"line":92,"column":2},"end":{"line":94,"column":3}},"28":{"start":{"line":93,"column":4},"end":{"line":93,"column":39}},"29":{"start":{"line":95,"column":2},"end":{"line":95,"column":14}},"30":{"start":{"line":98,"column":13},"end":{"line":116,"column":1}},"31":{"start":{"line":99,"column":2},"end":{"line":115,"column":4}},"32":{"start":{"line":108,"column":6},"end":{"line":112,"column":7}},"33":{"start":{"line":109,"column":8},"end":{"line":111,"column":11}},"34":{"start":{"line":113,"column":6},"end":{"line":113,"column":20}},"35":{"start":{"line":118,"column":0},"end":{"line":124,"column":2}}},"fnMap":{"0":{"name":"encryptPassword","decl":{"start":{"line":6,"column":9},"end":{"line":6,"column":24}},"loc":{"start":{"line":6,"column":35},"end":{"line":16,"column":1}},"line":6},"1":{"name":"validatePassword","decl":{"start":{"line":18,"column":9},"end":{"line":18,"column":25}},"loc":{"start":{"line":18,"column":48},"end":{"line":24,"column":1}},"line":18},"2":{"name":"generateJWT","decl":{"start":{"line":27,"column":9},"end":{"line":27,"column":20}},"loc":{"start":{"line":27,"column":39},"end":{"line":57,"column":1}},"line":27},"3":{"name":"toAuthJSON","decl":{"start":{"line":59,"column":9},"end":{"line":59,"column":19}},"loc":{"start":{"line":59,"column":26},"end":{"line":82,"column":1}},"line":59},"4":{"name":"(anonymous_4)","decl":{"start":{"line":84,"column":28},"end":{"line":84,"column":29}},"loc":{"start":{"line":84,"column":37},"end":{"line":96,"column":1}},"line":84},"5":{"name":"(anonymous_5)","decl":{"start":{"line":98,"column":13},"end":{"line":98,"column":14}},"loc":{"start":{"line":98,"column":29},"end":{"line":116,"column":1}},"line":98},"6":{"name":"(anonymous_6)","decl":{"start":{"line":107,"column":4},"end":{"line":107,"column":5}},"loc":{"start":{"line":107,"column":24},"end":{"line":114,"column":5}},"line":107}},"branchMap":{"0":{"loc":{"start":{"line":33,"column":2},"end":{"line":35,"column":3}},"type":"if","locations":[{"start":{"line":33,"column":2},"end":{"line":35,"column":3}},{"start":{"line":33,"column":2},"end":{"line":35,"column":3}}],"line":33},"1":{"loc":{"start":{"line":33,"column":6},"end":{"line":33,"column":39}},"type":"binary-expr","locations":[{"start":{"line":33,"column":6},"end":{"line":33,"column":16}},{"start":{"line":33,"column":20},"end":{"line":33,"column":39}}],"line":33},"2":{"loc":{"start":{"line":38,"column":2},"end":{"line":40,"column":3}},"type":"if","locations":[{"start":{"line":38,"column":2},"end":{"line":40,"column":3}},{"start":{"line":38,"column":2},"end":{"line":40,"column":3}}],"line":38},"3":{"loc":{"start":{"line":38,"column":6},"end":{"line":38,"column":42}},"type":"binary-expr","locations":[{"start":{"line":38,"column":6},"end":{"line":38,"column":19}},{"start":{"line":38,"column":23},"end":{"line":38,"column":42}}],"line":38},"4":{"loc":{"start":{"line":51,"column":21},"end":{"line":51,"column":59}},"type":"binary-expr","locations":[{"start":{"line":51,"column":21},"end":{"line":51,"column":31}},{"start":{"line":51,"column":35},"end":{"line":51,"column":59}}],"line":51},"5":{"loc":{"start":{"line":61,"column":2},"end":{"line":63,"column":3}},"type":"if","locations":[{"start":{"line":61,"column":2},"end":{"line":63,"column":3}},{"start":{"line":61,"column":2},"end":{"line":63,"column":3}}],"line":61},"6":{"loc":{"start":{"line":61,"column":6},"end":{"line":61,"column":39}},"type":"binary-expr","locations":[{"start":{"line":61,"column":6},"end":{"line":61,"column":16}},{"start":{"line":61,"column":20},"end":{"line":61,"column":39}}],"line":61},"7":{"loc":{"start":{"line":66,"column":2},"end":{"line":68,"column":3}},"type":"if","locations":[{"start":{"line":66,"column":2},"end":{"line":68,"column":3}},{"start":{"line":66,"column":2},"end":{"line":68,"column":3}}],"line":66},"8":{"loc":{"start":{"line":66,"column":6},"end":{"line":66,"column":42}},"type":"binary-expr","locations":[{"start":{"line":66,"column":6},"end":{"line":66,"column":19}},{"start":{"line":66,"column":23},"end":{"line":66,"column":42}}],"line":66},"9":{"loc":{"start":{"line":92,"column":2},"end":{"line":94,"column":3}},"type":"if","locations":[{"start":{"line":92,"column":2},"end":{"line":94,"column":3}},{"start":{"line":92,"column":2},"end":{"line":94,"column":3}}],"line":92},"10":{"loc":{"start":{"line":92,"column":6},"end":{"line":92,"column":62}},"type":"binary-expr","locations":[{"start":{"line":92,"column":6},"end":{"line":92,"column":19}},{"start":{"line":92,"column":23},"end":{"line":92,"column":62}}],"line":92},"11":{"loc":{"start":{"line":98,"column":14},"end":{"line":98,"column":24}},"type":"default-arg","locations":[{"start":{"line":98,"column":22},"end":{"line":98,"column":24}}],"line":98},"12":{"loc":{"start":{"line":108,"column":6},"end":{"line":112,"column":7}},"type":"if","locations":[{"start":{"line":108,"column":6},"end":{"line":112,"column":7}},{"start":{"line":108,"column":6},"end":{"line":112,"column":7}}],"line":108},"13":{"loc":{"start":{"line":108,"column":10},"end":{"line":108,"column":63}},"type":"binary-expr","locations":[{"start":{"line":108,"column":10},"end":{"line":108,"column":26}},{"start":{"line":108,"column":30},"end":{"line":108,"column":63}}],"line":108}},"s":{"0":5,"1":5,"2":5,"3":70,"4":70,"5":70,"6":28,"7":28,"8":49,"9":49,"10":49,"11":49,"12":49,"13":6,"14":49,"15":49,"16":6,"17":49,"18":21,"19":21,"20":3,"21":21,"22":21,"23":3,"24":21,"25":5,"26":134,"27":134,"28":79,"29":55,"30":5,"31":160,"32":126,"33":8,"34":118,"35":5},"f":{"0":70,"1":28,"2":49,"3":21,"4":134,"5":160,"6":126},"b":{"0":[6,43],"1":[49,6],"2":[6,43],"3":[49,24],"4":[49,41],"5":[3,18],"6":[21,3],"7":[3,18],"8":[21,12],"9":[79,55],"10":[134,79],"11":[60],"12":[8,118],"13":[126,77]},"_coverageSchema":"1a1c01bbd47fc00a2c39e90264f33305004495a9","hash":"a541c03aaca2d07c2452fcfd6e875008399137b7"}
,"/Users/antoninwelvart/Projets/entourage/entourage-job/backend/controllers/CV.js": {"path":"/Users/antoninwelvart/Projets/entourage/entourage-job/backend/controllers/CV.js","statementMap":{"0":{"start":{"line":4,"column":23},"end":{"line":4,"column":43}},"1":{"start":{"line":9,"column":4},"end":{"line":9,"column":27}},"2":{"start":{"line":11,"column":47},"end":{"line":11,"column":66}},"3":{"start":{"line":13,"column":22},"end":{"line":13,"column":48}},"4":{"start":{"line":15,"column":26},"end":{"line":31,"column":1}},"5":{"start":{"line":32,"column":33},"end":{"line":35,"column":1}},"6":{"start":{"line":36,"column":42},"end":{"line":100,"column":1}},"7":{"start":{"line":101,"column":50},"end":{"line":104,"column":1}},"8":{"start":{"line":105,"column":43},"end":{"line":108,"column":1}},"9":{"start":{"line":112,"column":25},"end":{"line":129,"column":43}},"10":{"start":{"line":112,"column":60},"end":{"line":129,"column":43}},"11":{"start":{"line":131,"column":17},"end":{"line":286,"column":1}},"12":{"start":{"line":132,"column":2},"end":{"line":132,"column":43}},"13":{"start":{"line":133,"column":2},"end":{"line":136,"column":3}},"14":{"start":{"line":134,"column":4},"end":{"line":134,"column":30}},"15":{"start":{"line":135,"column":4},"end":{"line":135,"column":23}},"16":{"start":{"line":138,"column":18},"end":{"line":138,"column":46}},"17":{"start":{"line":141,"column":2},"end":{"line":156,"column":3}},"18":{"start":{"line":142,"column":4},"end":{"line":142,"column":37}},"19":{"start":{"line":143,"column":19},"end":{"line":153,"column":5}},"20":{"start":{"line":147,"column":8},"end":{"line":151,"column":36}},"21":{"start":{"line":151,"column":27},"end":{"line":151,"column":35}},"22":{"start":{"line":155,"column":4},"end":{"line":155,"column":30}},"23":{"start":{"line":159,"column":2},"end":{"line":173,"column":3}},"24":{"start":{"line":160,"column":4},"end":{"line":160,"column":38}},"25":{"start":{"line":161,"column":22},"end":{"line":170,"column":5}},"26":{"start":{"line":165,"column":8},"end":{"line":168,"column":36}},"27":{"start":{"line":168,"column":27},"end":{"line":168,"column":35}},"28":{"start":{"line":172,"column":4},"end":{"line":172,"column":36}},"29":{"start":{"line":176,"column":2},"end":{"line":186,"column":3}},"30":{"start":{"line":177,"column":4},"end":{"line":177,"column":39}},"31":{"start":{"line":178,"column":22},"end":{"line":184,"column":5}},"32":{"start":{"line":180,"column":8},"end":{"line":182,"column":37}},"33":{"start":{"line":182,"column":27},"end":{"line":182,"column":35}},"34":{"start":{"line":185,"column":4},"end":{"line":185,"column":36}},"35":{"start":{"line":189,"column":2},"end":{"line":199,"column":3}},"36":{"start":{"line":190,"column":4},"end":{"line":190,"column":39}},"37":{"start":{"line":191,"column":21},"end":{"line":197,"column":5}},"38":{"start":{"line":193,"column":8},"end":{"line":195,"column":37}},"39":{"start":{"line":195,"column":27},"end":{"line":195,"column":35}},"40":{"start":{"line":198,"column":4},"end":{"line":198,"column":34}},"41":{"start":{"line":202,"column":2},"end":{"line":212,"column":3}},"42":{"start":{"line":203,"column":4},"end":{"line":203,"column":40}},"43":{"start":{"line":204,"column":22},"end":{"line":210,"column":5}},"44":{"start":{"line":206,"column":8},"end":{"line":208,"column":37}},"45":{"start":{"line":208,"column":27},"end":{"line":208,"column":35}},"46":{"start":{"line":211,"column":4},"end":{"line":211,"column":36}},"47":{"start":{"line":215,"column":2},"end":{"line":225,"column":3}},"48":{"start":{"line":216,"column":4},"end":{"line":216,"column":44}},"49":{"start":{"line":217,"column":26},"end":{"line":223,"column":5}},"50":{"start":{"line":219,"column":8},"end":{"line":221,"column":37}},"51":{"start":{"line":221,"column":27},"end":{"line":221,"column":35}},"52":{"start":{"line":224,"column":4},"end":{"line":224,"column":44}},"53":{"start":{"line":228,"column":2},"end":{"line":238,"column":3}},"54":{"start":{"line":229,"column":4},"end":{"line":229,"column":40}},"55":{"start":{"line":230,"column":22},"end":{"line":236,"column":5}},"56":{"start":{"line":232,"column":8},"end":{"line":234,"column":37}},"57":{"start":{"line":234,"column":27},"end":{"line":234,"column":35}},"58":{"start":{"line":237,"column":4},"end":{"line":237,"column":36}},"59":{"start":{"line":241,"column":2},"end":{"line":264,"column":3}},"60":{"start":{"line":242,"column":4},"end":{"line":242,"column":42}},"61":{"start":{"line":243,"column":29},"end":{"line":263,"column":5}},"62":{"start":{"line":245,"column":32},"end":{"line":249,"column":10}},"63":{"start":{"line":251,"column":8},"end":{"line":260,"column":9}},"64":{"start":{"line":252,"column":10},"end":{"line":252,"column":50}},"65":{"start":{"line":253,"column":10},"end":{"line":259,"column":64}},"66":{"start":{"line":255,"column":14},"end":{"line":257,"column":43}},"67":{"start":{"line":257,"column":33},"end":{"line":257,"column":41}},"68":{"start":{"line":259,"column":29},"end":{"line":259,"column":62}},"69":{"start":{"line":261,"column":8},"end":{"line":261,"column":31}},"70":{"start":{"line":267,"column":2},"end":{"line":277,"column":3}},"71":{"start":{"line":268,"column":4},"end":{"line":268,"column":38}},"72":{"start":{"line":269,"column":4},"end":{"line":276,"column":6}},"73":{"start":{"line":270,"column":6},"end":{"line":275,"column":8}},"74":{"start":{"line":280,"column":2},"end":{"line":280,"column":79}},"75":{"start":{"line":281,"column":21},"end":{"line":284,"column":4}},"76":{"start":{"line":285,"column":2},"end":{"line":285,"column":29}},"77":{"start":{"line":288,"column":17},"end":{"line":293,"column":1}},"78":{"start":{"line":289,"column":2},"end":{"line":289,"column":67}},"79":{"start":{"line":290,"column":2},"end":{"line":292,"column":5}},"80":{"start":{"line":296,"column":19},"end":{"line":307,"column":1}},"81":{"start":{"line":297,"column":2},"end":{"line":297,"column":53}},"82":{"start":{"line":298,"column":14},"end":{"line":300,"column":4}},"83":{"start":{"line":302,"column":2},"end":{"line":302,"column":19}},"84":{"start":{"line":303,"column":18},"end":{"line":305,"column":4}},"85":{"start":{"line":306,"column":2},"end":{"line":306,"column":26}},"86":{"start":{"line":310,"column":22},"end":{"line":320,"column":1}},"87":{"start":{"line":311,"column":2},"end":{"line":311,"column":41}},"88":{"start":{"line":312,"column":18},"end":{"line":318,"column":4}},"89":{"start":{"line":319,"column":2},"end":{"line":319,"column":26}},"90":{"start":{"line":322,"column":15},"end":{"line":331,"column":1}},"91":{"start":{"line":323,"column":2},"end":{"line":323,"column":44}},"92":{"start":{"line":324,"column":19},"end":{"line":329,"column":4}},"93":{"start":{"line":330,"column":2},"end":{"line":330,"column":53}},"94":{"start":{"line":330,"column":35},"end":{"line":330,"column":51}},"95":{"start":{"line":334,"column":26},"end":{"line":483,"column":1}},"96":{"start":{"line":335,"column":2},"end":{"line":337,"column":4}},"97":{"start":{"line":339,"column":23},"end":{"line":339,"column":41}},"98":{"start":{"line":341,"column":14},"end":{"line":445,"column":3}},"99":{"start":{"line":447,"column":19},"end":{"line":477,"column":4}},"100":{"start":{"line":448,"column":33},"end":{"line":448,"column":38}},"101":{"start":{"line":479,"column":2},"end":{"line":482,"column":18}},"102":{"start":{"line":481,"column":16},"end":{"line":481,"column":35}},"103":{"start":{"line":485,"column":14},"end":{"line":495,"column":1}},"104":{"start":{"line":486,"column":2},"end":{"line":494,"column":5}},"105":{"start":{"line":487,"column":20},"end":{"line":487,"column":29}},"106":{"start":{"line":488,"column":4},"end":{"line":488,"column":49}},"107":{"start":{"line":489,"column":4},"end":{"line":493,"column":35}},"108":{"start":{"line":492,"column":24},"end":{"line":492,"column":39}},"109":{"start":{"line":493,"column":22},"end":{"line":493,"column":33}},"110":{"start":{"line":497,"column":0},"end":{"line":505,"column":2}}},"fnMap":{"0":{"name":"(anonymous_0)","decl":{"start":{"line":112,"column":25},"end":{"line":112,"column":26}},"loc":{"start":{"line":112,"column":60},"end":{"line":129,"column":43}},"line":112},"1":{"name":"(anonymous_1)","decl":{"start":{"line":131,"column":17},"end":{"line":131,"column":18}},"loc":{"start":{"line":131,"column":33},"end":{"line":286,"column":1}},"line":131},"2":{"name":"(anonymous_2)","decl":{"start":{"line":145,"column":22},"end":{"line":145,"column":23}},"loc":{"start":{"line":147,"column":8},"end":{"line":151,"column":36}},"line":147},"3":{"name":"(anonymous_3)","decl":{"start":{"line":151,"column":16},"end":{"line":151,"column":17}},"loc":{"start":{"line":151,"column":27},"end":{"line":151,"column":35}},"line":151},"4":{"name":"(anonymous_4)","decl":{"start":{"line":163,"column":25},"end":{"line":163,"column":26}},"loc":{"start":{"line":165,"column":8},"end":{"line":168,"column":36}},"line":165},"5":{"name":"(anonymous_5)","decl":{"start":{"line":168,"column":16},"end":{"line":168,"column":17}},"loc":{"start":{"line":168,"column":27},"end":{"line":168,"column":35}},"line":168},"6":{"name":"(anonymous_6)","decl":{"start":{"line":179,"column":25},"end":{"line":179,"column":26}},"loc":{"start":{"line":179,"column":35},"end":{"line":183,"column":7}},"line":179},"7":{"name":"(anonymous_7)","decl":{"start":{"line":182,"column":16},"end":{"line":182,"column":17}},"loc":{"start":{"line":182,"column":27},"end":{"line":182,"column":35}},"line":182},"8":{"name":"(anonymous_8)","decl":{"start":{"line":192,"column":24},"end":{"line":192,"column":25}},"loc":{"start":{"line":192,"column":34},"end":{"line":196,"column":7}},"line":192},"9":{"name":"(anonymous_9)","decl":{"start":{"line":195,"column":16},"end":{"line":195,"column":17}},"loc":{"start":{"line":195,"column":27},"end":{"line":195,"column":35}},"line":195},"10":{"name":"(anonymous_10)","decl":{"start":{"line":205,"column":25},"end":{"line":205,"column":26}},"loc":{"start":{"line":205,"column":35},"end":{"line":209,"column":7}},"line":205},"11":{"name":"(anonymous_11)","decl":{"start":{"line":208,"column":16},"end":{"line":208,"column":17}},"loc":{"start":{"line":208,"column":27},"end":{"line":208,"column":35}},"line":208},"12":{"name":"(anonymous_12)","decl":{"start":{"line":218,"column":29},"end":{"line":218,"column":30}},"loc":{"start":{"line":218,"column":39},"end":{"line":222,"column":7}},"line":218},"13":{"name":"(anonymous_13)","decl":{"start":{"line":221,"column":16},"end":{"line":221,"column":17}},"loc":{"start":{"line":221,"column":27},"end":{"line":221,"column":35}},"line":221},"14":{"name":"(anonymous_14)","decl":{"start":{"line":231,"column":25},"end":{"line":231,"column":26}},"loc":{"start":{"line":231,"column":35},"end":{"line":235,"column":7}},"line":231},"15":{"name":"(anonymous_15)","decl":{"start":{"line":234,"column":16},"end":{"line":234,"column":17}},"loc":{"start":{"line":234,"column":27},"end":{"line":234,"column":35}},"line":234},"16":{"name":"(anonymous_16)","decl":{"start":{"line":244,"column":27},"end":{"line":244,"column":28}},"loc":{"start":{"line":244,"column":49},"end":{"line":262,"column":7}},"line":244},"17":{"name":"(anonymous_17)","decl":{"start":{"line":254,"column":34},"end":{"line":254,"column":35}},"loc":{"start":{"line":254,"column":44},"end":{"line":258,"column":13}},"line":254},"18":{"name":"(anonymous_18)","decl":{"start":{"line":257,"column":22},"end":{"line":257,"column":23}},"loc":{"start":{"line":257,"column":33},"end":{"line":257,"column":41}},"line":257},"19":{"name":"(anonymous_19)","decl":{"start":{"line":259,"column":17},"end":{"line":259,"column":18}},"loc":{"start":{"line":259,"column":29},"end":{"line":259,"column":62}},"line":259},"20":{"name":"(anonymous_20)","decl":{"start":{"line":269,"column":25},"end":{"line":269,"column":26}},"loc":{"start":{"line":270,"column":6},"end":{"line":275,"column":8}},"line":270},"21":{"name":"(anonymous_21)","decl":{"start":{"line":288,"column":17},"end":{"line":288,"column":18}},"loc":{"start":{"line":288,"column":25},"end":{"line":293,"column":1}},"line":288},"22":{"name":"(anonymous_22)","decl":{"start":{"line":296,"column":19},"end":{"line":296,"column":20}},"loc":{"start":{"line":296,"column":34},"end":{"line":307,"column":1}},"line":296},"23":{"name":"(anonymous_23)","decl":{"start":{"line":310,"column":22},"end":{"line":310,"column":23}},"loc":{"start":{"line":310,"column":40},"end":{"line":320,"column":1}},"line":310},"24":{"name":"(anonymous_24)","decl":{"start":{"line":322,"column":15},"end":{"line":322,"column":16}},"loc":{"start":{"line":322,"column":27},"end":{"line":331,"column":1}},"line":322},"25":{"name":"(anonymous_25)","decl":{"start":{"line":330,"column":22},"end":{"line":330,"column":23}},"loc":{"start":{"line":330,"column":35},"end":{"line":330,"column":51}},"line":330},"26":{"name":"(anonymous_26)","decl":{"start":{"line":334,"column":26},"end":{"line":334,"column":27}},"loc":{"start":{"line":334,"column":47},"end":{"line":483,"column":1}},"line":334},"27":{"name":"(anonymous_27)","decl":{"start":{"line":448,"column":25},"end":{"line":448,"column":26}},"loc":{"start":{"line":448,"column":33},"end":{"line":448,"column":38}},"line":448},"28":{"name":"(anonymous_28)","decl":{"start":{"line":481,"column":10},"end":{"line":481,"column":11}},"loc":{"start":{"line":481,"column":16},"end":{"line":481,"column":35}},"line":481},"29":{"name":"(anonymous_29)","decl":{"start":{"line":485,"column":14},"end":{"line":485,"column":15}},"loc":{"start":{"line":485,"column":26},"end":{"line":495,"column":1}},"line":485},"30":{"name":"(anonymous_30)","decl":{"start":{"line":486,"column":21},"end":{"line":486,"column":22}},"loc":{"start":{"line":486,"column":42},"end":{"line":494,"column":3}},"line":486},"31":{"name":"(anonymous_31)","decl":{"start":{"line":492,"column":12},"end":{"line":492,"column":13}},"loc":{"start":{"line":492,"column":24},"end":{"line":492,"column":39}},"line":492},"32":{"name":"(anonymous_32)","decl":{"start":{"line":493,"column":13},"end":{"line":493,"column":14}},"loc":{"start":{"line":493,"column":22},"end":{"line":493,"column":33}},"line":493}},"branchMap":{"0":{"loc":{"start":{"line":126,"column":12},"end":{"line":126,"column":49}},"type":"cond-expr","locations":[{"start":{"line":126,"column":26},"end":{"line":126,"column":28}},{"start":{"line":126,"column":31},"end":{"line":126,"column":49}}],"line":126},"1":{"loc":{"start":{"line":127,"column":6},"end":{"line":127,"column":55}},"type":"cond-expr","locations":[{"start":{"line":127,"column":43},"end":{"line":127,"column":50}},{"start":{"line":127,"column":53},"end":{"line":127,"column":55}}],"line":127},"2":{"loc":{"start":{"line":127,"column":6},"end":{"line":127,"column":40}},"type":"binary-expr","locations":[{"start":{"line":127,"column":6},"end":{"line":127,"column":15}},{"start":{"line":127,"column":19},"end":{"line":127,"column":24}},{"start":{"line":127,"column":28},"end":{"line":127,"column":40}}],"line":127},"3":{"loc":{"start":{"line":128,"column":6},"end":{"line":128,"column":60}},"type":"cond-expr","locations":[{"start":{"line":128,"column":27},"end":{"line":128,"column":55}},{"start":{"line":128,"column":58},"end":{"line":128,"column":60}}],"line":128},"4":{"loc":{"start":{"line":128,"column":6},"end":{"line":128,"column":24}},"type":"binary-expr","locations":[{"start":{"line":128,"column":6},"end":{"line":128,"column":15}},{"start":{"line":128,"column":19},"end":{"line":128,"column":24}}],"line":128},"5":{"loc":{"start":{"line":133,"column":2},"end":{"line":136,"column":3}},"type":"if","locations":[{"start":{"line":133,"column":2},"end":{"line":136,"column":3}},{"start":{"line":133,"column":2},"end":{"line":136,"column":3}}],"line":133},"6":{"loc":{"start":{"line":141,"column":2},"end":{"line":156,"column":3}},"type":"if","locations":[{"start":{"line":141,"column":2},"end":{"line":156,"column":3}},{"start":{"line":141,"column":2},"end":{"line":156,"column":3}}],"line":141},"7":{"loc":{"start":{"line":159,"column":2},"end":{"line":173,"column":3}},"type":"if","locations":[{"start":{"line":159,"column":2},"end":{"line":173,"column":3}},{"start":{"line":159,"column":2},"end":{"line":173,"column":3}}],"line":159},"8":{"loc":{"start":{"line":176,"column":2},"end":{"line":186,"column":3}},"type":"if","locations":[{"start":{"line":176,"column":2},"end":{"line":186,"column":3}},{"start":{"line":176,"column":2},"end":{"line":186,"column":3}}],"line":176},"9":{"loc":{"start":{"line":189,"column":2},"end":{"line":199,"column":3}},"type":"if","locations":[{"start":{"line":189,"column":2},"end":{"line":199,"column":3}},{"start":{"line":189,"column":2},"end":{"line":199,"column":3}}],"line":189},"10":{"loc":{"start":{"line":202,"column":2},"end":{"line":212,"column":3}},"type":"if","locations":[{"start":{"line":202,"column":2},"end":{"line":212,"column":3}},{"start":{"line":202,"column":2},"end":{"line":212,"column":3}}],"line":202},"11":{"loc":{"start":{"line":215,"column":2},"end":{"line":225,"column":3}},"type":"if","locations":[{"start":{"line":215,"column":2},"end":{"line":225,"column":3}},{"start":{"line":215,"column":2},"end":{"line":225,"column":3}}],"line":215},"12":{"loc":{"start":{"line":228,"column":2},"end":{"line":238,"column":3}},"type":"if","locations":[{"start":{"line":228,"column":2},"end":{"line":238,"column":3}},{"start":{"line":228,"column":2},"end":{"line":238,"column":3}}],"line":228},"13":{"loc":{"start":{"line":241,"column":2},"end":{"line":264,"column":3}},"type":"if","locations":[{"start":{"line":241,"column":2},"end":{"line":264,"column":3}},{"start":{"line":241,"column":2},"end":{"line":264,"column":3}}],"line":241},"14":{"loc":{"start":{"line":251,"column":8},"end":{"line":260,"column":9}},"type":"if","locations":[{"start":{"line":251,"column":8},"end":{"line":260,"column":9}},{"start":{"line":251,"column":8},"end":{"line":260,"column":9}}],"line":251},"15":{"loc":{"start":{"line":267,"column":2},"end":{"line":277,"column":3}},"type":"if","locations":[{"start":{"line":267,"column":2},"end":{"line":277,"column":3}},{"start":{"line":267,"column":2},"end":{"line":277,"column":3}}],"line":267},"16":{"loc":{"start":{"line":365,"column":6},"end":{"line":441,"column":11}},"type":"cond-expr","locations":[{"start":{"line":365,"column":14},"end":{"line":441,"column":6}},{"start":{"line":441,"column":9},"end":{"line":441,"column":11}}],"line":365}},"s":{"0":5,"1":5,"2":5,"3":5,"4":5,"5":5,"6":5,"7":5,"8":5,"9":5,"10":3,"11":5,"12":4,"13":4,"14":0,"15":0,"16":4,"17":4,"18":0,"19":0,"20":0,"21":0,"22":0,"23":4,"24":0,"25":0,"26":0,"27":0,"28":0,"29":4,"30":0,"31":0,"32":0,"33":0,"34":0,"35":4,"36":0,"37":0,"38":0,"39":0,"40":0,"41":4,"42":0,"43":0,"44":0,"45":0,"46":0,"47":4,"48":0,"49":0,"50":0,"51":0,"52":0,"53":4,"54":0,"55":0,"56":0,"57":0,"58":0,"59":4,"60":0,"61":0,"62":0,"63":0,"64":0,"65":0,"66":0,"67":0,"68":0,"69":0,"70":4,"71":0,"72":0,"73":0,"74":4,"75":4,"76":4,"77":5,"78":1,"79":1,"80":5,"81":3,"82":3,"83":3,"84":3,"85":1,"86":5,"87":2,"88":2,"89":1,"90":5,"91":0,"92":0,"93":0,"94":0,"95":5,"96":4,"97":4,"98":4,"99":4,"100":12,"101":4,"102":17,"103":5,"104":0,"105":0,"106":0,"107":0,"108":0,"109":0,"110":5},"f":{"0":3,"1":4,"2":0,"3":0,"4":0,"5":0,"6":0,"7":0,"8":0,"9":0,"10":0,"11":0,"12":0,"13":0,"14":0,"15":0,"16":0,"17":0,"18":0,"19":0,"20":0,"21":1,"22":3,"23":2,"24":0,"25":0,"26":4,"27":12,"28":17,"29":0,"30":0,"31":0,"32":0},"b":{"0":[0,3],"1":[3,0],"2":[3,3,3],"3":[3,0],"4":[3,3],"5":[0,4],"6":[0,4],"7":[0,4],"8":[0,4],"9":[0,4],"10":[0,4],"11":[0,4],"12":[0,4],"13":[0,4],"14":[0,0],"15":[0,4],"16":[2,2]},"_coverageSchema":"1a1c01bbd47fc00a2c39e90264f33305004495a9","hash":"a2db5566ce12d9a981a86761db60b3b961b74ae9"}
,"/Users/antoninwelvart/Projets/entourage/entourage-job/backend/controllers/Opportunity.js": {"path":"/Users/antoninwelvart/Projets/entourage/entourage-job/backend/controllers/Opportunity.js","statementMap":{"0":{"start":{"line":13,"column":4},"end":{"line":13,"column":27}},"1":{"start":{"line":15,"column":40},"end":{"line":15,"column":59}},"2":{"start":{"line":17,"column":37},"end":{"line":43,"column":1}},"3":{"start":{"line":45,"column":43},"end":{"line":78,"column":1}},"4":{"start":{"line":81,"column":26},"end":{"line":110,"column":1}},"5":{"start":{"line":82,"column":2},"end":{"line":82,"column":63}},"6":{"start":{"line":84,"column":2},"end":{"line":84,"column":61}},"7":{"start":{"line":85,"column":27},"end":{"line":85,"column":57}},"8":{"start":{"line":87,"column":2},"end":{"line":97,"column":3}},"9":{"start":{"line":88,"column":4},"end":{"line":88,"column":42}},"10":{"start":{"line":89,"column":26},"end":{"line":95,"column":5}},"11":{"start":{"line":91,"column":8},"end":{"line":93,"column":36}},"12":{"start":{"line":93,"column":27},"end":{"line":93,"column":35}},"13":{"start":{"line":96,"column":4},"end":{"line":96,"column":53}},"14":{"start":{"line":99,"column":2},"end":{"line":105,"column":3}},"15":{"start":{"line":100,"column":4},"end":{"line":100,"column":77}},"16":{"start":{"line":101,"column":4},"end":{"line":104,"column":7}},"17":{"start":{"line":107,"column":2},"end":{"line":107,"column":77}},"18":{"start":{"line":109,"column":2},"end":{"line":109,"column":44}},"19":{"start":{"line":112,"column":26},"end":{"line":119,"column":1}},"20":{"start":{"line":113,"column":2},"end":{"line":115,"column":4}},"21":{"start":{"line":116,"column":2},"end":{"line":118,"column":5}},"22":{"start":{"line":121,"column":23},"end":{"line":126,"column":1}},"23":{"start":{"line":122,"column":16},"end":{"line":124,"column":4}},"24":{"start":{"line":125,"column":2},"end":{"line":125,"column":33}},"25":{"start":{"line":128,"column":25},"end":{"line":154,"column":1}},"26":{"start":{"line":129,"column":18},"end":{"line":131,"column":3}},"27":{"start":{"line":132,"column":2},"end":{"line":150,"column":3}},"28":{"start":{"line":133,"column":28},"end":{"line":133,"column":48}},"29":{"start":{"line":134,"column":4},"end":{"line":149,"column":6}},"30":{"start":{"line":151,"column":24},"end":{"line":151,"column":58}},"31":{"start":{"line":153,"column":2},"end":{"line":153,"column":63}},"32":{"start":{"line":153,"column":38},"end":{"line":153,"column":61}},"33":{"start":{"line":156,"column":31},"end":{"line":166,"column":1}},"34":{"start":{"line":157,"column":24},"end":{"line":163,"column":4}},"35":{"start":{"line":165,"column":2},"end":{"line":165,"column":63}},"36":{"start":{"line":165,"column":38},"end":{"line":165,"column":61}},"37":{"start":{"line":168,"column":36},"end":{"line":184,"column":1}},"38":{"start":{"line":169,"column":2},"end":{"line":169,"column":63}},"39":{"start":{"line":170,"column":27},"end":{"line":173,"column":4}},"40":{"start":{"line":175,"column":24},"end":{"line":181,"column":4}},"41":{"start":{"line":178,"column":42},"end":{"line":178,"column":61}},"42":{"start":{"line":183,"column":2},"end":{"line":183,"column":63}},"43":{"start":{"line":183,"column":38},"end":{"line":183,"column":61}},"44":{"start":{"line":186,"column":32},"end":{"line":217,"column":1}},"45":{"start":{"line":188,"column":27},"end":{"line":191,"column":4}},"46":{"start":{"line":193,"column":24},"end":{"line":205,"column":4}},"47":{"start":{"line":199,"column":46},"end":{"line":199,"column":65}},"48":{"start":{"line":207,"column":2},"end":{"line":216,"column":5}},"49":{"start":{"line":208,"column":24},"end":{"line":208,"column":47}},"50":{"start":{"line":209,"column":4},"end":{"line":211,"column":6}},"51":{"start":{"line":210,"column":14},"end":{"line":210,"column":34}},"52":{"start":{"line":212,"column":4},"end":{"line":214,"column":5}},"53":{"start":{"line":213,"column":6},"end":{"line":213,"column":41}},"54":{"start":{"line":215,"column":4},"end":{"line":215,"column":23}},"55":{"start":{"line":219,"column":29},"end":{"line":223,"column":4}},"56":{"start":{"line":220,"column":2},"end":{"line":223,"column":4}},"57":{"start":{"line":225,"column":30},"end":{"line":241,"column":1}},"58":{"start":{"line":226,"column":2},"end":{"line":229,"column":5}},"59":{"start":{"line":230,"column":2},"end":{"line":240,"column":5}},"60":{"start":{"line":243,"column":26},"end":{"line":296,"column":1}},"61":{"start":{"line":244,"column":2},"end":{"line":246,"column":5}},"62":{"start":{"line":248,"column":27},"end":{"line":250,"column":4}},"63":{"start":{"line":251,"column":2},"end":{"line":266,"column":3}},"64":{"start":{"line":252,"column":26},"end":{"line":258,"column":5}},"65":{"start":{"line":254,"column":8},"end":{"line":256,"column":36}},"66":{"start":{"line":256,"column":27},"end":{"line":256,"column":35}},"67":{"start":{"line":259,"column":4},"end":{"line":259,"column":59}},"68":{"start":{"line":260,"column":4},"end":{"line":265,"column":7}},"69":{"start":{"line":263,"column":61},"end":{"line":263,"column":66}},"70":{"start":{"line":269,"column":2},"end":{"line":293,"column":3}},"71":{"start":{"line":270,"column":4},"end":{"line":274,"column":7}},"72":{"start":{"line":275,"column":9},"end":{"line":293,"column":3}},"73":{"start":{"line":276,"column":29},"end":{"line":285,"column":5}},"74":{"start":{"line":278,"column":8},"end":{"line":283,"column":36}},"75":{"start":{"line":283,"column":27},"end":{"line":283,"column":35}},"76":{"start":{"line":287,"column":4},"end":{"line":292,"column":7}},"77":{"start":{"line":290,"column":56},"end":{"line":290,"column":65}},"78":{"start":{"line":295,"column":2},"end":{"line":295,"column":40}},"79":{"start":{"line":298,"column":0},"end":{"line":313,"column":2}}},"fnMap":{"0":{"name":"(anonymous_0)","decl":{"start":{"line":81,"column":26},"end":{"line":81,"column":27}},"loc":{"start":{"line":81,"column":42},"end":{"line":110,"column":1}},"line":81},"1":{"name":"(anonymous_1)","decl":{"start":{"line":90,"column":29},"end":{"line":90,"column":30}},"loc":{"start":{"line":91,"column":8},"end":{"line":93,"column":36}},"line":91},"2":{"name":"(anonymous_2)","decl":{"start":{"line":93,"column":16},"end":{"line":93,"column":17}},"loc":{"start":{"line":93,"column":27},"end":{"line":93,"column":35}},"line":93},"3":{"name":"(anonymous_3)","decl":{"start":{"line":112,"column":26},"end":{"line":112,"column":27}},"loc":{"start":{"line":112,"column":34},"end":{"line":119,"column":1}},"line":112},"4":{"name":"(anonymous_4)","decl":{"start":{"line":121,"column":23},"end":{"line":121,"column":24}},"loc":{"start":{"line":121,"column":37},"end":{"line":126,"column":1}},"line":121},"5":{"name":"(anonymous_5)","decl":{"start":{"line":128,"column":25},"end":{"line":128,"column":26}},"loc":{"start":{"line":128,"column":43},"end":{"line":154,"column":1}},"line":128},"6":{"name":"(anonymous_6)","decl":{"start":{"line":153,"column":27},"end":{"line":153,"column":28}},"loc":{"start":{"line":153,"column":38},"end":{"line":153,"column":61}},"line":153},"7":{"name":"(anonymous_7)","decl":{"start":{"line":156,"column":31},"end":{"line":156,"column":32}},"loc":{"start":{"line":156,"column":43},"end":{"line":166,"column":1}},"line":156},"8":{"name":"(anonymous_8)","decl":{"start":{"line":165,"column":27},"end":{"line":165,"column":28}},"loc":{"start":{"line":165,"column":38},"end":{"line":165,"column":61}},"line":165},"9":{"name":"(anonymous_9)","decl":{"start":{"line":168,"column":36},"end":{"line":168,"column":37}},"loc":{"start":{"line":168,"column":54},"end":{"line":184,"column":1}},"line":168},"10":{"name":"(anonymous_10)","decl":{"start":{"line":178,"column":31},"end":{"line":178,"column":32}},"loc":{"start":{"line":178,"column":42},"end":{"line":178,"column":61}},"line":178},"11":{"name":"(anonymous_11)","decl":{"start":{"line":183,"column":27},"end":{"line":183,"column":28}},"loc":{"start":{"line":183,"column":38},"end":{"line":183,"column":61}},"line":183},"12":{"name":"(anonymous_12)","decl":{"start":{"line":186,"column":32},"end":{"line":186,"column":33}},"loc":{"start":{"line":186,"column":50},"end":{"line":217,"column":1}},"line":186},"13":{"name":"(anonymous_13)","decl":{"start":{"line":199,"column":35},"end":{"line":199,"column":36}},"loc":{"start":{"line":199,"column":46},"end":{"line":199,"column":65}},"line":199},"14":{"name":"(anonymous_14)","decl":{"start":{"line":207,"column":27},"end":{"line":207,"column":28}},"loc":{"start":{"line":207,"column":38},"end":{"line":216,"column":3}},"line":207},"15":{"name":"(anonymous_15)","decl":{"start":{"line":210,"column":6},"end":{"line":210,"column":7}},"loc":{"start":{"line":210,"column":14},"end":{"line":210,"column":34}},"line":210},"16":{"name":"(anonymous_16)","decl":{"start":{"line":219,"column":29},"end":{"line":219,"column":30}},"loc":{"start":{"line":220,"column":2},"end":{"line":223,"column":4}},"line":220},"17":{"name":"(anonymous_17)","decl":{"start":{"line":225,"column":30},"end":{"line":225,"column":31}},"loc":{"start":{"line":225,"column":57},"end":{"line":241,"column":1}},"line":225},"18":{"name":"(anonymous_18)","decl":{"start":{"line":243,"column":26},"end":{"line":243,"column":27}},"loc":{"start":{"line":243,"column":49},"end":{"line":296,"column":1}},"line":243},"19":{"name":"(anonymous_19)","decl":{"start":{"line":253,"column":36},"end":{"line":253,"column":37}},"loc":{"start":{"line":254,"column":8},"end":{"line":256,"column":36}},"line":254},"20":{"name":"(anonymous_20)","decl":{"start":{"line":256,"column":16},"end":{"line":256,"column":17}},"loc":{"start":{"line":256,"column":27},"end":{"line":256,"column":35}},"line":256},"21":{"name":"(anonymous_21)","decl":{"start":{"line":263,"column":53},"end":{"line":263,"column":54}},"loc":{"start":{"line":263,"column":61},"end":{"line":263,"column":66}},"line":263},"22":{"name":"(anonymous_22)","decl":{"start":{"line":277,"column":30},"end":{"line":277,"column":31}},"loc":{"start":{"line":278,"column":8},"end":{"line":283,"column":36}},"line":278},"23":{"name":"(anonymous_23)","decl":{"start":{"line":283,"column":16},"end":{"line":283,"column":17}},"loc":{"start":{"line":283,"column":27},"end":{"line":283,"column":35}},"line":283},"24":{"name":"(anonymous_24)","decl":{"start":{"line":290,"column":48},"end":{"line":290,"column":49}},"loc":{"start":{"line":290,"column":56},"end":{"line":290,"column":65}},"line":290}},"branchMap":{"0":{"loc":{"start":{"line":87,"column":2},"end":{"line":97,"column":3}},"type":"if","locations":[{"start":{"line":87,"column":2},"end":{"line":97,"column":3}},{"start":{"line":87,"column":2},"end":{"line":97,"column":3}}],"line":87},"1":{"loc":{"start":{"line":99,"column":2},"end":{"line":105,"column":3}},"type":"if","locations":[{"start":{"line":99,"column":2},"end":{"line":105,"column":3}},{"start":{"line":99,"column":2},"end":{"line":105,"column":3}}],"line":99},"2":{"loc":{"start":{"line":132,"column":2},"end":{"line":150,"column":3}},"type":"if","locations":[{"start":{"line":132,"column":2},"end":{"line":150,"column":3}},{"start":{"line":132,"column":2},"end":{"line":150,"column":3}}],"line":132},"3":{"loc":{"start":{"line":212,"column":4},"end":{"line":214,"column":5}},"type":"if","locations":[{"start":{"line":212,"column":4},"end":{"line":214,"column":5}},{"start":{"line":212,"column":4},"end":{"line":214,"column":5}}],"line":212},"4":{"loc":{"start":{"line":251,"column":2},"end":{"line":266,"column":3}},"type":"if","locations":[{"start":{"line":251,"column":2},"end":{"line":266,"column":3}},{"start":{"line":251,"column":2},"end":{"line":266,"column":3}}],"line":251},"5":{"loc":{"start":{"line":269,"column":2},"end":{"line":293,"column":3}},"type":"if","locations":[{"start":{"line":269,"column":2},"end":{"line":293,"column":3}},{"start":{"line":269,"column":2},"end":{"line":293,"column":3}}],"line":269},"6":{"loc":{"start":{"line":275,"column":9},"end":{"line":293,"column":3}},"type":"if","locations":[{"start":{"line":275,"column":9},"end":{"line":293,"column":3}},{"start":{"line":275,"column":9},"end":{"line":293,"column":3}}],"line":275}},"s":{"0":5,"1":5,"2":5,"3":5,"4":5,"5":2,"6":2,"7":2,"8":1,"9":0,"10":0,"11":0,"12":0,"13":0,"14":1,"15":0,"16":0,"17":1,"18":1,"19":5,"20":1,"21":1,"22":5,"23":1,"24":1,"25":5,"26":2,"27":2,"28":1,"29":1,"30":2,"31":2,"32":16,"33":5,"34":0,"35":0,"36":0,"37":5,"38":4,"39":4,"40":3,"41":24,"42":3,"43":9,"44":5,"45":4,"46":3,"47":24,"48":3,"49":36,"50":36,"51":24,"52":36,"53":12,"54":36,"55":5,"56":4,"57":5,"58":4,"59":4,"60":5,"61":1,"62":1,"63":1,"64":0,"65":0,"66":0,"67":0,"68":0,"69":0,"70":1,"71":1,"72":0,"73":0,"74":0,"75":0,"76":0,"77":0,"78":1,"79":5},"f":{"0":2,"1":0,"2":0,"3":1,"4":1,"5":2,"6":16,"7":0,"8":0,"9":4,"10":24,"11":9,"12":4,"13":24,"14":36,"15":24,"16":4,"17":4,"18":1,"19":0,"20":0,"21":0,"22":0,"23":0,"24":0},"b":{"0":[0,1],"1":[0,1],"2":[1,1],"3":[12,24],"4":[0,1],"5":[1,0],"6":[0,0]},"_coverageSchema":"1a1c01bbd47fc00a2c39e90264f33305004495a9","hash":"131a26d075e643c1bb9b48e9d549eb1951128c43"}
,"/Users/antoninwelvart/Projets/entourage/entourage-job/backend/controllers/Share.js": {"path":"/Users/antoninwelvart/Projets/entourage/entourage-job/backend/controllers/Share.js","statementMap":{"0":{"start":{"line":1,"column":18},"end":{"line":1,"column":38}},"1":{"start":{"line":3,"column":17},"end":{"line":3,"column":43}},"2":{"start":{"line":8,"column":4},"end":{"line":8,"column":27}},"3":{"start":{"line":10,"column":25},"end":{"line":30,"column":1}},"4":{"start":{"line":11,"column":2},"end":{"line":29,"column":3}},"5":{"start":{"line":12,"column":27},"end":{"line":14,"column":6}},"6":{"start":{"line":15,"column":4},"end":{"line":25,"column":5}},"7":{"start":{"line":16,"column":6},"end":{"line":16,"column":90}},"8":{"start":{"line":19,"column":6},"end":{"line":24,"column":8}},"9":{"start":{"line":28,"column":4},"end":{"line":28,"column":19}},"10":{"start":{"line":33,"column":23},"end":{"line":56,"column":1}},"11":{"start":{"line":34,"column":20},"end":{"line":34,"column":33}},"12":{"start":{"line":35,"column":2},"end":{"line":53,"column":3}},"13":{"start":{"line":36,"column":19},"end":{"line":43,"column":6}},"14":{"start":{"line":44,"column":24},"end":{"line":44,"column":59}},"15":{"start":{"line":45,"column":4},"end":{"line":49,"column":5}},"16":{"start":{"line":45,"column":41},"end":{"line":45,"column":53}},"17":{"start":{"line":46,"column":6},"end":{"line":48,"column":12}},"18":{"start":{"line":47,"column":8},"end":{"line":47,"column":66}},"19":{"start":{"line":52,"column":4},"end":{"line":52,"column":19}},"20":{"start":{"line":55,"column":2},"end":{"line":55,"column":21}},"21":{"start":{"line":58,"column":0},"end":{"line":61,"column":2}}},"fnMap":{"0":{"name":"(anonymous_0)","decl":{"start":{"line":10,"column":25},"end":{"line":10,"column":26}},"loc":{"start":{"line":10,"column":53},"end":{"line":30,"column":1}},"line":10},"1":{"name":"(anonymous_1)","decl":{"start":{"line":33,"column":23},"end":{"line":33,"column":24}},"loc":{"start":{"line":33,"column":35},"end":{"line":56,"column":1}},"line":33},"2":{"name":"(anonymous_2)","decl":{"start":{"line":45,"column":25},"end":{"line":45,"column":26}},"loc":{"start":{"line":45,"column":41},"end":{"line":45,"column":53}},"line":45},"3":{"name":"(anonymous_3)","decl":{"start":{"line":46,"column":62},"end":{"line":46,"column":63}},"loc":{"start":{"line":46,"column":81},"end":{"line":48,"column":7}},"line":46}},"branchMap":{"0":{"loc":{"start":{"line":15,"column":4},"end":{"line":25,"column":5}},"type":"if","locations":[{"start":{"line":15,"column":4},"end":{"line":25,"column":5}},{"start":{"line":15,"column":4},"end":{"line":25,"column":5}}],"line":15},"1":{"loc":{"start":{"line":45,"column":4},"end":{"line":49,"column":5}},"type":"if","locations":[{"start":{"line":45,"column":4},"end":{"line":49,"column":5}},{"start":{"line":45,"column":4},"end":{"line":49,"column":5}}],"line":45}},"s":{"0":5,"1":5,"2":5,"3":5,"4":0,"5":0,"6":0,"7":0,"8":0,"9":0,"10":5,"11":1,"12":1,"13":1,"14":1,"15":1,"16":4,"17":1,"18":4,"19":0,"20":1,"21":5},"f":{"0":0,"1":1,"2":4,"3":4},"b":{"0":[0,0],"1":[1,0]},"_coverageSchema":"1a1c01bbd47fc00a2c39e90264f33305004495a9","hash":"f128f5fda1274373677ca0409d06b8ed8c17badf"}
,"/Users/antoninwelvart/Projets/entourage/entourage-job/backend/controllers/User.js": {"path":"/Users/antoninwelvart/Projets/entourage/entourage-job/backend/controllers/User.js","statementMap":{"0":{"start":{"line":1,"column":23},"end":{"line":1,"column":49}},"1":{"start":{"line":6,"column":4},"end":{"line":6,"column":27}},"2":{"start":{"line":8,"column":33},"end":{"line":8,"column":70}},"3":{"start":{"line":9,"column":24},"end":{"line":18,"column":1}},"4":{"start":{"line":19,"column":30},"end":{"line":44,"column":1}},"5":{"start":{"line":46,"column":23},"end":{"line":58,"column":1}},"6":{"start":{"line":47,"column":24},"end":{"line":50,"column":14}},"7":{"start":{"line":49,"column":16},"end":{"line":49,"column":58}},"8":{"start":{"line":52,"column":2},"end":{"line":55,"column":15}},"9":{"start":{"line":54,"column":16},"end":{"line":54,"column":58}},"10":{"start":{"line":57,"column":2},"end":{"line":57,"column":25}},"11":{"start":{"line":60,"column":19},"end":{"line":88,"column":1}},"12":{"start":{"line":61,"column":18},"end":{"line":61,"column":32}},"13":{"start":{"line":62,"column":2},"end":{"line":62,"column":45}},"14":{"start":{"line":64,"column":23},"end":{"line":64,"column":37}},"15":{"start":{"line":65,"column":2},"end":{"line":65,"column":58}},"16":{"start":{"line":66,"column":2},"end":{"line":66,"column":66}},"17":{"start":{"line":67,"column":2},"end":{"line":67,"column":64}},"18":{"start":{"line":69,"column":2},"end":{"line":87,"column":5}},"19":{"start":{"line":70,"column":4},"end":{"line":77,"column":5}},"20":{"start":{"line":71,"column":6},"end":{"line":76,"column":8}},"21":{"start":{"line":78,"column":4},"end":{"line":85,"column":5}},"22":{"start":{"line":79,"column":6},"end":{"line":84,"column":8}},"23":{"start":{"line":86,"column":4},"end":{"line":86,"column":15}},"24":{"start":{"line":90,"column":19},"end":{"line":100,"column":1}},"25":{"start":{"line":91,"column":2},"end":{"line":99,"column":5}},"26":{"start":{"line":92,"column":20},"end":{"line":92,"column":34}},"27":{"start":{"line":93,"column":4},"end":{"line":93,"column":71}},"28":{"start":{"line":94,"column":4},"end":{"line":98,"column":35}},"29":{"start":{"line":97,"column":24},"end":{"line":97,"column":39}},"30":{"start":{"line":98,"column":22},"end":{"line":98,"column":33}},"31":{"start":{"line":104,"column":16},"end":{"line":111,"column":1}},"32":{"start":{"line":105,"column":18},"end":{"line":105,"column":29}},"33":{"start":{"line":106,"column":2},"end":{"line":106,"column":73}},"34":{"start":{"line":107,"column":2},"end":{"line":110,"column":5}},"35":{"start":{"line":113,"column":24},"end":{"line":123,"column":1}},"36":{"start":{"line":114,"column":2},"end":{"line":122,"column":5}},"37":{"start":{"line":115,"column":20},"end":{"line":115,"column":39}},"38":{"start":{"line":116,"column":4},"end":{"line":116,"column":75}},"39":{"start":{"line":117,"column":4},"end":{"line":121,"column":35}},"40":{"start":{"line":120,"column":24},"end":{"line":120,"column":39}},"41":{"start":{"line":121,"column":22},"end":{"line":121,"column":33}},"42":{"start":{"line":125,"column":23},"end":{"line":133,"column":1}},"43":{"start":{"line":126,"column":15},"end":{"line":130,"column":4}},"44":{"start":{"line":132,"column":2},"end":{"line":132,"column":14}},"45":{"start":{"line":135,"column":17},"end":{"line":143,"column":1}},"46":{"start":{"line":136,"column":2},"end":{"line":136,"column":48}},"47":{"start":{"line":137,"column":2},"end":{"line":142,"column":5}},"48":{"start":{"line":145,"column":19},"end":{"line":218,"column":1}},"49":{"start":{"line":146,"column":18},"end":{"lin
[...]
{"line":114,"column":68}},"type":"binary-expr","locations":[{"start":{"line":114,"column":14},"end":{"line":114,"column":47}},{"start":{"line":114,"column":51},"end":{"line":114,"column":68}}],"line":114},"4":{"loc":{"start":{"line":151,"column":2},"end":{"line":166,"column":3}},"type":"if","locations":[{"start":{"line":151,"column":2},"end":{"line":166,"column":3}},{"start":{"line":151,"column":2},"end":{"line":166,"column":3}}],"line":151},"5":{"loc":{"start":{"line":151,"column":6},"end":{"line":153,"column":41}},"type":"binary-expr","locations":[{"start":{"line":151,"column":6},"end":{"line":151,"column":42}},{"start":{"line":152,"column":4},"end":{"line":152,"column":43}},{"start":{"line":153,"column":4},"end":{"line":153,"column":41}}],"line":151},"6":{"loc":{"start":{"line":201,"column":7},"end":{"line":203,"column":45}},"type":"cond-expr","locations":[{"start":{"line":202,"column":8},"end":{"line":202,"column":52}},{"start":{"line":203,"column":8},"end":{"line":203,"column":45}}],"line":201},"7":{"loc":{"start":{"line":235,"column":8},"end":{"line":259,"column":9}},"type":"if","locations":[{"start":{"line":235,"column":8},"end":{"line":259,"column":9}},{"start":{"line":235,"column":8},"end":{"line":259,"column":9}}],"line":235},"8":{"loc":{"start":{"line":247,"column":14},"end":{"line":249,"column":15}},"type":"if","locations":[{"start":{"line":247,"column":14},"end":{"line":249,"column":15}},{"start":{"line":247,"column":14},"end":{"line":249,"column":15}}],"line":247},"9":{"loc":{"start":{"line":295,"column":10},"end":{"line":297,"column":11}},"type":"if","locations":[{"start":{"line":295,"column":10},"end":{"line":297,"column":11}},{"start":{"line":295,"column":10},"end":{"line":297,"column":11}}],"line":295},"10":{"loc":{"start":{"line":310,"column":4},"end":{"line":318,"column":5}},"type":"if","locations":[{"start":{"line":310,"column":4},"end":{"line":318,"column":5}},{"start":{"line":310,"column":4},"end":{"line":318,"column":5}}],"line":310},"11":{"loc":{"start":{"line":313,"column":9},"end":{"line":318,"column":5}},"type":"if","locations":[{"start":{"line":313,"column":9},"end":{"line":318,"column":5}},{"start":{"line":313,"column":9},"end":{"line":318,"column":5}}],"line":313}},"s":{"0":5,"1":5,"2":5,"3":5,"4":5,"5":5,"6":5,"7":5,"8":5,"9":5,"10":1,"11":4,"12":4,"13":4,"14":2,"15":2,"16":2,"17":2,"18":2,"19":1,"20":1,"21":5,"22":2,"23":2,"24":2,"25":2,"26":3,"27":3,"28":2,"29":0,"30":3,"31":0,"32":0,"33":5,"34":1,"35":1,"36":1,"37":0,"38":0,"39":5,"40":5,"41":4,"42":4,"43":0,"44":0,"45":1,"46":5,"47":7,"48":6,"49":4,"50":4,"51":2,"52":2,"53":5,"54":2,"55":2,"56":2,"57":1,"58":1,"59":1,"60":0,"61":1,"62":1,"63":0,"64":0,"65":1,"66":0,"67":5,"68":5,"69":3,"70":3,"71":3,"72":0,"73":0,"74":0,"75":5,"76":7,"77":6,"78":4,"79":4,"80":0,"81":4,"82":4,"83":0,"84":0,"85":6,"86":6,"87":6,"88":2,"89":4,"90":4,"91":2,"92":2,"93":5,"94":1,"95":1,"96":0,"97":0,"98":5},"f":{"0":4,"1":1,"2":2,"3":2,"4":2,"5":2,"6":3,"7":0,"8":0,"9":1,"10":1,"11":0,"12":5,"13":4,"14":0,"15":7,"16":6,"17":4,"18":2,"19":2,"20":2,"21":1,"22":0,"23":0,"24":5,"25":3,"26":3,"27":0,"28":7,"29":6,"30":4,"31":4,"32":0,"33":4,"34":1,"35":1,"36":0},"b":{"0":[4,1],"1":[1,1],"2":[2,1],"3":[3,2],"4":[4,1],"5":[5,4,2],"6":[3,3],"7":[1,1],"8":[0,1],"9":[0,4],"10":[2,4],"11":[2,2]},"_coverageSchema":"1a1c01bbd47fc00a2c39e90264f33305004495a9","hash":"58ec172884ca6b6b5d5cfff82c51a94f9d48c1bf"}
,"/Users/antoninwelvart/Projets/entourage/entourage-job/backend/utils/DataFormatting.js": {"path":"/Users/antoninwelvart/Projets/entourage/entourage-job/backend/utils/DataFormatting.js","statementMap":{"0":{"start":{"line":1,"column":16},"end":{"line":34,"column":1}},"1":{"start":{"line":2,"column":2},"end":{"line":2,"column":26}},"2":{"start":{"line":2,"column":14},"end":{"line":2,"column":26}},"3":{"start":{"line":3,"column":16},"end":{"line":3,"column":30}},"4":{"start":{"line":4,"column":2},"end":{"line":6,"column":3}},"5":{"start":{"line":5,"column":4},"end":{"line":5,"column":51}},"6":{"start":{"line":5,"column":43},"end":{"line":5,"column":49}},"7":{"start":{"line":7,"column":2},"end":{"line":9,"column":3}},"8":{"start":{"line":8,"column":4},"end":{"line":8,"column":57}},"9":{"start":{"line":8,"column":49},"end":{"line":8,"column":55}},"10":{"start":{"line":10,"column":2},"end":{"line":12,"column":3}},"11":{"start":{"line":11,"column":4},"end":{"line":11,"column":57}},"12":{"start":{"line":11,"column":49},"end":{"line":11,"column":55}},"13":{"start":{"line":13,"column":2},"end":{"line":15,"column":3}},"14":{"start":{"line":14,"column":4},"end":{"line":14,"column":55}},"15":{"start":{"line":14,"column":47},"end":{"line":14,"column":53}},"16":{"start":{"line":16,"column":2},"end":{"line":18,"column":3}},"17":{"start":{"line":17,"column":4},"end":{"line":17,"column":57}},"18":{"start":{"line":17,"column":49},"end":{"line":17,"column":55}},"19":{"start":{"line":19,"column":2},"end":{"line":21,"column":3}},"20":{"start":{"line":20,"column":4},"end":{"line":20,"column":65}},"21":{"start":{"line":20,"column":57},"end":{"line":20,"column":63}},"22":{"start":{"line":22,"column":2},"end":{"line":24,"column":3}},"23":{"start":{"line":23,"column":4},"end":{"line":23,"column":57}},"24":{"start":{"line":23,"column":49},"end":{"line":23,"column":55}},"25":{"start":{"line":25,"column":2},"end":{"line":32,"column":3}},"26":{"start":{"line":26,"column":4},"end":{"line":31,"column":7}},"27":{"start":{"line":27,"column":6},"end":{"line":29,"column":7}},"28":{"start":{"line":28,"column":8},"end":{"line":28,"column":66}},"29":{"start":{"line":28,"column":58},"end":{"line":28,"column":62}},"30":{"start":{"line":30,"column":6},"end":{"line":30,"column":15}},"31":{"start":{"line":33,"column":2},"end":{"line":33,"column":15}},"32":{"start":{"line":36,"column":25},"end":{"line":43,"column":1}},"33":{"start":{"line":37,"column":2},"end":{"line":37,"column":26}},"34":{"start":{"line":37,"column":14},"end":{"line":37,"column":26}},"35":{"start":{"line":38,"column":16},"end":{"line":38,"column":30}},"36":{"start":{"line":39,"column":2},"end":{"line":41,"column":3}},"37":{"start":{"line":40,"column":4},"end":{"line":40,"column":65}},"38":{"start":{"line":40,"column":57},"end":{"line":40,"column":63}},"39":{"start":{"line":42,"column":2},"end":{"line":42,"column":15}},"40":{"start":{"line":45,"column":20},"end":{"line":46,"column":60}},"41":{"start":{"line":46,"column":2},"end":{"line":46,"column":60}},"42":{"start":{"line":48,"column":0},"end":{"line":52,"column":2}}},"fnMap":{"0":{"name":"(anonymous_0)","decl":{"start":{"line":1,"column":16},"end":{"line":1,"column":17}},"loc":{"start":{"line":1,"column":27},"end":{"line":34,"column":1}},"line":1},"1":{"name":"(anonymous_1)","decl":{"start":{"line":5,"column":36},"end":{"line":5,"column":37}},"loc":{"start":{"line":5,"column":43},"end":{"line":5,"column":49}},"line":5},"2":{"name":"(anonymous_2)","decl":{"start":{"line":8,"column":42},"end":{"line":8,"column":43}},"loc":{"start":{"line":8,"column":49},"end":{"line":8,"column":55}},"line":8},"3":{"name":"(anonymous_3)","decl":{"start":{"line":11,"column":42},"end":{"line":11,"column":43}},"loc":{"start":{"line":11,"column":49},"end":{"line":11,"column":55}},"line":11},"4":{"name":"(anonymous_4)","decl":{"start":{"line":14,"column":40},"end":{"line":14,"column":41}},"loc":{"start":{"line":14,"column":47},"end":{"line":14,"column":53}},"line":14},"5":{"name":"(anonymous_5)","decl":{"start":{"line":17,"column":42},"end":{"line":17,"column":43}},"loc":{"start":{"line":17,"column":49},"end":{"line":17,"column":55}},"line":17},"6":{"name":"(anonymous_6)","decl":{"start":{"line":20,"column":50},"end":{"line":20,"column":51}},"loc":{"start":{"line":20,"column":57},"end":{"line":20,"column":63}},"line":20},"7":{"name":"(anonymous_7)","decl":{"start":{"line":23,"column":42},"end":{"line":23,"column":43}},"loc":{"start":{"line":23,"column":49},"end":{"line":23,"column":55}},"line":23},"8":{"name":"(anonymous_8)","decl":{"start":{"line":26,"column":46},"end":{"line":26,"column":47}},"loc":{"start":{"line":26,"column":53},"end":{"line":31,"column":5}},"line":26},"9":{"name":"(anonymous_9)","decl":{"start":{"line":28,"column":44},"end":{"line":28,"column":45}},"loc":{"start":{"line":28,"column":58},"end":{"line":28,"column":62}},"line":28},"10":{"name":"(anonymous_10)","decl":{"start":{"line":36,"column":25},"end":{"line":36,"column":26}},"loc":{"start":{"line":36,"column":36},"end":{"line":43,"column":1}},"line":36},"11":{"name":"(anonymous_11)","decl":{"start":{"line":40,"column":50},"end":{"line":40,"column":51}},"loc":{"start":{"line":40,"column":57},"end":{"line":40,"column":63}},"line":40},"12":{"name":"(anonymous_12)","decl":{"start":{"line":45,"column":20},"end":{"line":45,"column":21}},"loc":{"start":{"line":46,"column":2},"end":{"line":46,"column":60}},"line":46}},"branchMap":{"0":{"loc":{"start":{"line":2,"column":2},"end":{"line":2,"column":26}},"type":"if","locations":[{"start":{"line":2,"column":2},"end":{"line":2,"column":26}},{"start":{"line":2,"column":2},"end":{"line":2,"column":26}}],"line":2},"1":{"loc":{"start":{"line":4,"column":2},"end":{"line":6,"column":3}},"type":"if","locations":[{"start":{"line":4,"column":2},"end":{"line":6,"column":3}},{"start":{"line":4,"column":2},"end":{"line":6,"column":3}}],"line":4},"2":{"loc":{"start":{"line":7,"column":2},"end":{"line":9,"column":3}},"type":"if","locations":[{"start":{"line":7,"column":2},"end":{"line":9,"column":3}},{"start":{"line":7,"column":2},"end":{"line":9,"column":3}}],"line":7},"3":{"loc":{"start":{"line":10,"column":2},"end":{"line":12,"column":3}},"type":"if","locations":[{"start":{"line":10,"column":2},"end":{"line":12,"column":3}},{"start":{"line":10,"column":2},"end":{"line":12,"column":3}}],"line":10},"4":{"loc":{"start":{"line":13,"column":2},"end":{"line":15,"column":3}},"type":"if","locations":[{"start":{"line":13,"column":2},"end":{"line":15,"column":3}},{"start":{"line":13,"column":2},"end":{"line":15,"column":3}}],"line":13},"5":{"loc":{"start":{"line":16,"column":2},"end":{"line":18,"column":3}},"type":"if","locations":[{"start":{"line":16,"column":2},"end":{"line":18,"column":3}},{"start":{"line":16,"column":2},"end":{"line":18,"column":3}}],"line":16},"6":{"loc":{"start":{"line":19,"column":2},"end":{"line":21,"column":3}},"type":"if","locations":[{"start":{"line":19,"column":2},"end":{"line":21,"column":3}},{"start":{"line":19,"column":2},"end":{"line":21,"column":3}}],"line":19},"7":{"loc":{"start":{"line":22,"column":2},"end":{"line":24,"column":3}},"type":"if","locations":[{"start":{"line":22,"column":2},"end":{"line":24,"column":3}},{"start":{"line":22,"column":2},"end":{"line":24,"column":3}}],"line":22},"8":{"loc":{"start":{"line":25,"column":2},"end":{"line":32,"column":3}},"type":"if","locations":[{"start":{"line":25,"column":2},"end":{"line":32,"column":3}},{"start":{"line":25,"column":2},"end":{"line":32,"column":3}}],"line":25},"9":{"loc":{"start":{"line":27,"column":6},"end":{"line":29,"column":7}},"type":"if","locations":[{"start":{"line":27,"column":6},"end":{"line":29,"column":7}},{"start":{"line":27,"column":6},"end":{"line":29,"column":7}}],"line":27},"10":{"loc":{"start":{"line":37,"column":2},"end":{"line":37,"column":26}},"type":"if","locations":[{"start":{"line":37,"column":2},"end":{"line":37,"column":26}},{"start":{"line":37,"column":2},"end":{"line":37,"column":26}}],"line":37},"11":{"loc":{"start":{"line":39,"column":2},"end":{"line":41,"column":3}},"type":"if","locations":[{"start":{"line":39,"column":2},"end":{"line":41,"column":3}},{"start":{"line":39,"column":2},"end":{"line":41,"column":3}}],"line":39}},"s":{"0":5,"1":18,"2":0,"3":18,"4":18,"5":18,"6":0,"7":18,"8":6,"9":0,"10":18,"11":6,"12":0,"13":18,"14":6,"15":0,"16":18,"17":18,"18":0,"19":18,"20":18,"21":0,"22":18,"23":18,"24":0,"25":18,"26":6,"27":0,"28":0,"29":0,"30":0,"31":18,"32":5,"33":63,"34":0,"35":63,"36":63,"37":62,"38":0,"39":63,"40":5,"41":0,"42":5},"f":{"0":18,"1":0,"2":0,"3":0,"4":0,"5":0,"6":0,"7":0,"8":0,"9":0,"10":63,"11":0,"12":0},"b":{"0":[0,18],"1":[18,0],"2":[6,12],"3":[6,12],"4":[6,12],"5":[18,0],"6":[18,0],"7":[18,0],"8":[6,12],"9":[0,0],"10":[0,63],"11":[62,1]},"_coverageSchema":"1a1c01bbd47fc00a2c39e90264f33305004495a9","hash":"18fa1d31d8007c36a490acd715d61eab379770a3"}
,"/Users/antoninwelvart/Projets/entourage/entourage-job/backend/utils/DatabaseQueries.js": {"path":"/Users/antoninwelvart/Projets/entourage/entourage-job/backend/utils/DatabaseQueries.js","statementMap":{"0":{"start":{"line":1,"column":20},"end":{"line":7,"column":1}},"1":{"start":{"line":2,"column":2},"end":{"line":6,"column":58}},"2":{"start":{"line":10,"column":21},"end":{"line":12,"column":1}},"3":{"start":{"line":11,"column":2},"end":{"line":11,"column":57}},"4":{"start":{"line":14,"column":0},"end":{"line":17,"column":2}}},"fnMap":{"0":{"name":"(anonymous_0)","decl":{"start":{"line":1,"column":20},"end":{"line":1,"column":21}},"loc":{"start":{"line":1,"column":31},"end":{"line":7,"column":1}},"line":1},"1":{"name":"(anonymous_1)","decl":{"start":{"line":10,"column":21},"end":{"line":10,"column":22}},"loc":{"start":{"line":10,"column":33},"end":{"line":12,"column":1}},"line":10}},"branchMap":{"0":{"loc":{"start":{"line":2,"column":9},"end":{"line":6,"column":57}},"type":"cond-expr","locations":[{"start":{"line":2,"column":17},"end":{"line":6,"column":53}},{"start":{"line":6,"column":55},"end":{"line":6,"column":57}}],"line":2}},"s":{"0":5,"1":4,"2":5,"3":36,"4":5},"f":{"0":4,"1":36},"b":{"0":[2,2]},"_coverageSchema":"1a1c01bbd47fc00a2c39e90264f33305004495a9","hash":"da9c7ad3564ae3f9d1a7f26f40e2c83a54e6d9fc"}
,"/Users/antoninwelvart/Projets/entourage/entourage-job/backend/utils/RateLimiter.js": {"path":"/Users/antoninwelvart/Projets/entourage/entourage-job/backend/utils/RateLimiter.js","statementMap":{"0":{"start":{"line":1,"column":18},"end":{"line":1,"column":47}},"1":{"start":{"line":2,"column":19},"end":{"line":2,"column":46}},"2":{"start":{"line":7,"column":4},"end":{"line":11,"column":5}},"3":{"start":{"line":8,"column":6},"end":{"line":10,"column":9}},"4":{"start":{"line":12,"column":4},"end":{"line":12,"column":27}},"5":{"start":{"line":16,"column":16},"end":{"line":16,"column":53}},"6":{"start":{"line":17,"column":4},"end":{"line":20,"column":7}},"7":{"start":{"line":24,"column":0},"end":{"line":24,"column":35}}},"fnMap":{"0":{"name":"(anonymous_0)","decl":{"start":{"line":6,"column":2},"end":{"line":6,"column":3}},"loc":{"start":{"line":6,"column":13},"end":{"line":13,"column":3}},"line":6},"1":{"name":"(anonymous_1)","decl":{"start":{"line":15,"column":2},"end":{"line":15,"column":3}},"loc":{"start":{"line":15,"column":21},"end":{"line":21,"column":3}},"line":15}},"branchMap":{"0":{"loc":{"start":{"line":7,"column":4},"end":{"line":11,"column":5}},"type":"if","locations":[{"start":{"line":7,"column":4},"end":{"line":11,"column":5}},{"start":{"line":7,"column":4},"end":{"line":11,"column":5}}],"line":7},"1":{"loc":{"start":{"line":19,"column":11},"end":{"line":19,"column":24}},"type":"cond-expr","locations":[{"start":{"line":19,"column":17},"end":{"line":19,"column":18}},{"start":{"line":19,"column":21},"end":{"line":19,"column":24}}],"line":19}},"s":{"0":5,"1":5,"2":10,"3":5,"4":10,"5":10,"6":10,"7":5},"f":{"0":10,"1":10},"b":{"0":[5,5],"1":[10,0]},"_coverageSchema":"1a1c01bbd47fc00a2c39e90264f33305004495a9","hash":"8285caaa37cee2f78cd80db84b3fead6bbf868ad"}
,"/Users/antoninwelvart/Projets/entourage/entourage-job/backend/utils/RoleManagement.js": {"path":"/Users/antoninwelvart/Projets/entourage/entourage-job/backend/utils/RoleManagement.js","statementMap":{"0":{"start":{"line":1,"column":23},"end":{"line":1,"column":49}},"1":{"start":{"line":3,"column":31},"end":{"line":12,"column":1}},"2":{"start":{"line":4,"column":2},"end":{"line":11,"column":3}},"3":{"start":{"line":7,"column":4},"end":{"line":7,"column":11}},"4":{"start":{"line":10,"column":4},"end":{"line":10,"column":54}},"5":{"start":{"line":14,"column":42},"end":{"line":23,"column":1}},"6":{"start":{"line":15,"column":2},"end":{"line":22,"column":3}},"7":{"start":{"line":18,"column":4},"end":{"line":18,"column":11}},"8":{"start":{"line":21,"column":4},"end":{"line":21,"column":54}},"9":{"start":{"line":25,"column":0},"end":{"line":28,"column":2}}},"fnMap":{"0":{"name":"(anonymous_0)","decl":{"start":{"line":3,"column":31},"end":{"line":3,"column":32}},"loc":{"start":{"line":3,"column":59},"end":{"line":12,"column":1}},"line":3},"1":{"name":"(anonymous_1)","decl":{"start":{"line":14,"column":42},"end":{"line":14,"column":43}},"loc":{"start":{"line":14,"column":70},"end":{"line":23,"column":1}},"line":14}},"branchMap":{"0":{"loc":{"start":{"line":4,"column":2},"end":{"line":11,"column":3}},"type":"if","locations":[{"start":{"line":4,"column":2},"end":{"line":11,"column":3}},{"start":{"line":4,"column":2},"end":{"line":11,"column":3}}],"line":4},"1":{"loc":{"start":{"line":4,"column":6},"end":{"line":6,"column":41}},"type":"binary-expr","locations":[{"start":{"line":4,"column":6},"end":{"line":4,"column":31}},{"start":{"line":5,"column":4},"end":{"line":5,"column":32}},{"start":{"line":6,"column":4},"end":{"line":6,"column":41}}],"line":4},"2":{"loc":{"start":{"line":15,"column":2},"end":{"line":22,"column":3}},"type":"if","locations":[{"start":{"line":15,"column":2},"end":{"line":22,"column":3}},{"start":{"line":15,"column":2},"end":{"line":22,"column":3}}],"line":15},"3":{"loc":{"start":{"line":15,"column":6},"end":{"line":17,"column":41}},"type":"binary-expr","locations":[{"start":{"line":15,"column":7},"end":{"line":15,"column":47}},{"start":{"line":15,"column":51},"end":{"line":15,"column":76}},{"start":{"line":16,"column":5},"end":{"line":16,"column":42}},{"start":{"line":16,"column":46},"end":{"line":16,"column":79}},{"start":{"line":17,"column":4},"end":{"line":17,"column":41}}],"line":15}},"s":{"0":5,"1":5,"2":14,"3":12,"4":2,"5":5,"6":33,"7":23,"8":10,"9":5},"f":{"0":14,"1":33},"b":{"0":[12,2],"1":[14,10,8],"2":[23,10],"3":[33,11,27,15,17]},"_coverageSchema":"1a1c01bbd47fc00a2c39e90264f33305004495a9","hash":"ded41107310da5bcd3581196df32f2adaf0feceb"}
,"/Users/antoninwelvart/Projets/entourage/entourage-job/backend/utils/env.js": {"path":"/Users/antoninwelvart/Projets/entourage/entourage-job/backend/utils/env.js","statementMap":{"0":{"start":{"line":1,"column":15},"end":{"line":1,"column":32}},"1":{"start":{"line":2,"column":13},"end":{"line":2,"column":28}},"2":{"start":{"line":7,"column":35},"end":{"line":10,"column":1}},"3":{"start":{"line":8,"column":20},"end":{"line":8,"column":86}},"4":{"start":{"line":9,"column":4},"end":{"line":9,"column":62}},"5":{"start":{"line":12,"column":0},"end":{"line":12,"column":44}}},"fnMap":{"0":{"name":"(anonymous_0)","decl":{"start":{"line":7,"column":35},"end":{"line":7,"column":36}},"loc":{"start":{"line":7,"column":41},"end":{"line":10,"column":1}},"line":7}},"branchMap":{"0":{"loc":{"start":{"line":8,"column":20},"end":{"line":8,"column":86}},"type":"cond-expr","locations":[{"start":{"line":8,"column":54},"end":{"line":8,"column":71}},{"start":{"line":8,"column":74},"end":{"line":8,"column":86}}],"line":8}},"s":{"0":5,"1":5,"2":5,"3":14,"4":14,"5":5},"f":{"0":14},"b":{"0":[14,0]},"_coverageSchema":"1a1c01bbd47fc00a2c39e90264f33305004495a9","hash":"de7227b17271aeb0d1e6ed2c800190bb2c771e12"}
,"/Users/antoninwelvart/Projets/entourage/entourage-job/backend/utils/index.js": {"path":"/Users/antoninwelvart/Projets/entourage/entourage-job/backend/utils/index.js","statementMap":{"0":{"start":{"line":1,"column":68},"end":{"line":1,"column":95}},"1":{"start":{"line":2,"column":36},"end":{"line":2,"column":64}},"2":{"start":{"line":3,"column":49},"end":{"line":3,"column":76}},"3":{"start":{"line":5,"column":0},"end":{"line":13,"column":2}}},"fnMap":{},"branchMap":{},"s":{"0":5,"1":5,"2":5,"3":5},"f":{},"b":{},"_coverageSchema":"1a1c01bbd47fc00a2c39e90264f33305004495a9","hash":"0eb1cc872b52ca7f6481446829b56e2df0669dbb"}
}
