TN:
SF:backend/server.js
FN:22,(anonymous_0)
FN:60,(anonymous_1)
FN:70,(anonymous_2)
FN:74,(anonymous_3)
FN:75,(anonymous_4)
FN:76,(anonymous_5)
FN:86,(anonymous_6)
FNF:7
FNH:6
FNDA:5,(anonymous_0)
FNDA:8,(anonymous_1)
FNDA:0,(anonymous_2)
FNDA:5,(anonymous_3)
FNDA:5,(anonymous_4)
FNDA:5,(anonymous_5)
FNDA:5,(anonymous_6)
DA:1,5
DA:2,5
DA:3,5
DA:4,5
DA:6,5
DA:8,5
DA:9,5
DA:10,5
DA:11,5
DA:12,5
DA:14,5
DA:16,5
DA:20,5
DA:22,5
DA:24,5
DA:27,5
DA:29,5
DA:31,5
DA:34,5
DA:49,5
DA:50,5
DA:53,5
DA:54,5
DA:55,5
DA:57,5
DA:58,5
DA:60,5
DA:61,8
DA:62,8
DA:63,8
DA:65,0
DA:67,5
DA:70,5
DA:71,0
DA:74,5
DA:75,5
DA:76,5
DA:77,5
DA:79,5
DA:80,5
DA:86,5
DA:87,5
DA:88,5
LF:43
LH:41
BRDA:27,0,0,0
BRDA:27,0,1,5
BRDA:61,1,0,8
BRDA:61,1,1,0
BRDA:77,2,0,0
BRDA:77,2,1,5
BRDA:87,3,0,0
BRDA:87,3,1,5
BRF:8
BRH:4
end_of_record
TN:
SF:backend/shareImage.js
FN:8,(anonymous_0)
FN:9,(anonymous_1)
FN:13,(anonymous_2)
FN:16,(anonymous_3)
FN:17,(anonymous_4)
FN:20,(anonymous_5)
FN:21,(anonymous_6)
FN:28,(anonymous_7)
FN:39,(anonymous_8)
FN:47,(anonymous_9)
FN:85,(anonymous_10)
FN:102,(anonymous_11)
FN:111,(anonymous_12)
FN:126,(anonymous_13)
FN:144,(anonymous_14)
FN:158,(anonymous_15)
FN:161,(anonymous_16)
FN:181,(anonymous_17)
FN:200,(anonymous_18)
FN:203,(anonymous_19)
FN:221,(anonymous_20)
FN:224,(anonymous_21)
FN:248,(anonymous_22)
FN:254,(anonymous_23)
FN:262,(anonymous_24)
FN:270,(anonymous_25)
FN:276,(anonymous_26)
FN:281,(anonymous_27)
FN:285,(anonymous_28)
FN:292,(anonymous_29)
FN:297,(anonymous_30)
FN:302,(anonymous_31)
FN:313,(anonymous_32)
FN:321,(anonymous_33)
FN:326,(anonymous_34)
FN:330,(anonymous_35)
FN:337,(anonymous_36)
FN:342,(anonymous_37)
FN:346,(anonymous_38)
FN:360,(anonymous_39)
FN:376,(anonymous_40)
FNF:41
FNH:0
FNDA:0,(anonymous_0)
FNDA:0,(anonymous_1)
FNDA:0,(anonymous_2)
FNDA:0,(anonymous_3)
FNDA:0,(anonymous_4)
FNDA:0,(anonymous_5)
FNDA:0,(anonymous_6)
FNDA:0,(anonymous_7)
FNDA:0,(anonymous_8)
FNDA:0,(anonymous_9)
FNDA:0,(anonymous_10)
FNDA:0,(anonymous_11)
FNDA:0,(anonymous_12)
FNDA:0,(anonymous_13)
FNDA:0,(anonymous_14)
FNDA:0,(anonymous_15)
FNDA:0,(anonymous_16)
FNDA:0,(anonymous_17)
FNDA:0,(anonymous_18)
FNDA:0,(anonymous_19)
FNDA:0,(anonymous_20)
FNDA:0,(anonymous_21)
FNDA:0,(anonymous_22)
FNDA:0,(anonymous_23)
FNDA:0,(anonymous_24)
FNDA:0,(anonymous_25)
FNDA:0,(anonymous_26)
FNDA:0,(anonymous_27)
FNDA:0,(anonymous_28)
FNDA:0,(anonymous_29)
FNDA:0,(anonymous_30)
FNDA:0,(anonymous_31)
FNDA:0,(anonymous_32)
FNDA:0,(anonymous_33)
FNDA:0,(anonymous_34)
FNDA:0,(anonymous_35)
FNDA:0,(anonymous_36)
FNDA:0,(anonymous_37)
FNDA:0,(anonymous_38)
FNDA:0,(anonymous_39)
FNDA:0,(anonymous_40)
DA:1,5
DA:2,5
DA:4,5
DA:5,5
DA:8,5
DA:9,0
DA:10,0
DA:12,0
DA:13,0
DA:15,0
DA:17,0
DA:20,0
DA:21,0
DA:22,0
DA:28,5
DA:29,0
DA:30,0
DA:31,0
DA:32,0
DA:39,5
DA:47,5
DA:48,0
DA:49,0
DA:50,0
DA:52,0
DA:53,0
DA:55,0
DA:56,0
DA:57,0
DA:58,0
DA:61,0
DA:62,0
DA:63,0
DA:64,0
DA:66,0
DA:67,0
DA:68,0
DA:70,0
DA:71,0
DA:74,0
DA:78,0
DA:79,0
DA:82,0
DA:85,5
DA:86,0
DA:87,0
DA:88,0
DA:89,0
DA:91,0
DA:92,0
DA:94,0
DA:96,0
DA:98,0
DA:102,5
DA:111,0
DA:112,0
DA:114,0
DA:123,0
DA:126,0
DA:134,0
DA:135,0
DA:139,0
DA:144,0
DA:153,0
DA:154,0
DA:155,0
DA:159,0
DA:161,0
DA:170,0
DA:174,0
DA:181,0
DA:190,0
DA:191,0
DA:192,0
DA:197,0
DA:201,0
DA:203,0
DA:212,0
DA:213,0
DA:218,0
DA:222,0
DA:224,0
DA:233,0
DA:248,0
DA:255,0
DA:256,0
DA:258,0
DA:262,0
DA:271,0
DA:272,0
DA:274,0
DA:276,0
DA:281,0
DA:286,0
DA:287,0
DA:289,0
DA:292,0
DA:297,0
DA:302,0
DA:314,0
DA:315,0
DA:317,0
DA:321,0
DA:326,0
DA:331,0
DA:332,0
DA:334,0
DA:337,0
DA:342,0
DA:347,0
DA:348,0
DA:350,0
DA:360,0
DA:361,0
DA:362,0
DA:363,0
DA:364,0
DA:365,0
DA:366,0
DA:367,0
DA:370,0
DA:373,0
DA:374,0
DA:377,0
DA:379,0
DA:386,0
DA:468,0
DA:475,0
DA:476,0
DA:477,0
DA:478,0
DA:479,0
DA:484,0
DA:486,0
DA:499,5
LF:135
LH:11
BRDA:55,0,0,0
BRDA:55,0,1,0
BRDA:61,1,0,0
BRDA:61,1,1,0
BRDA:62,2,0,0
BRDA:62,2,1,0
BRDA:78,3,0,0
BRDA:78,3,1,0
BRDA:89,4,0,0
BRDA:89,4,1,0
BRDA:141,5,0,0
BRDA:141,5,1,0
BRDA:141,6,0,0
BRDA:141,6,1,0
BRDA:176,7,0,0
BRDA:176,7,1,0
BRDA:176,8,0,0
BRDA:176,8,1,0
BRDA:179,9,0,0
BRDA:179,9,1,0
BRDA:255,10,0,0
BRDA:255,10,1,0
BRDA:271,11,0,0
BRDA:271,11,1,0
BRDA:286,12,0,0
BRDA:286,12,1,0
BRDA:314,13,0,0
BRDA:314,13,1,0
BRDA:331,14,0,0
BRDA:331,14,1,0
BRDA:347,15,0,0
BRDA:347,15,1,0
BRF:32
BRH:0
end_of_record
TN:
SF:backend/config/passport.js
FN:10,(anonymous_0)
FN:11,(anonymous_1)
FN:14,(anonymous_2)
FN:20,(anonymous_3)
FN:22,(anonymous_4)
FN:37,(anonymous_5)
FN:43,(anonymous_6)
FNF:7
FNH:4
FNDA:0,(anonymous_0)
FNDA:0,(anonymous_1)
FNDA:5,(anonymous_2)
FNDA:22,(anonymous_3)
FNDA:22,(anonymous_4)
FNDA:0,(anonymous_5)
FNDA:5,(anonymous_6)
DA:3,5
DA:4,5
DA:6,5
DA:7,5
DA:10,5
DA:11,5
DA:13,5
DA:15,5
DA:21,22
DA:23,22
DA:31,2
DA:35,20
DA:37,0
DA:41,5
DA:44,5
LF:15
LH:14
BRDA:23,0,0,2
BRDA:23,0,1,20
BRDA:24,1,0,22
BRDA:24,1,1,21
BRF:4
BRH:4
end_of_record
TN:
SF:backend/controllers/Auth.js
FN:6,encryptPassword
FN:18,validatePassword
FN:27,generateJWT
FN:59,toAuthJSON
FN:84,(anonymous_4)
FN:98,(anonymous_5)
FN:107,(anonymous_6)
FNF:7
FNH:7
FNDA:70,encryptPassword
FNDA:28,validatePassword
FNDA:49,generateJWT
FNDA:21,toAuthJSON
FNDA:134,(anonymous_4)
FNDA:160,(anonymous_5)
FNDA:126,(anonymous_6)
DA:2,5
DA:3,5
DA:4,5
DA:7,70
DA:8,70
DA:12,70
DA:19,28
DA:23,28
DA:28,49
DA:29,49
DA:30,49
DA:32,49
DA:33,49
DA:34,6
DA:37,49
DA:38,49
DA:39,6
DA:42,49
DA:60,21
DA:61,21
DA:62,3
DA:65,21
DA:66,21
DA:67,3
DA:70,21
DA:84,5
DA:89,134
DA:92,134
DA:93,79
DA:95,55
DA:98,5
DA:99,160
DA:108,126
DA:109,8
DA:113,118
DA:118,5
LF:36
LH:36
BRDA:33,0,0,6
BRDA:33,0,1,43
BRDA:33,1,0,49
BRDA:33,1,1,6
BRDA:38,2,0,6
BRDA:38,2,1,43
BRDA:38,3,0,49
BRDA:38,3,1,24
BRDA:51,4,0,49
BRDA:51,4,1,41
BRDA:61,5,0,3
BRDA:61,5,1,18
BRDA:61,6,0,21
BRDA:61,6,1,3
BRDA:66,7,0,3
BRDA:66,7,1,18
BRDA:66,8,0,21
BRDA:66,8,1,12
BRDA:92,9,0,79
BRDA:92,9,1,55
BRDA:92,10,0,134
BRDA:92,10,1,79
BRDA:98,11,0,60
BRDA:108,12,0,8
BRDA:108,12,1,118
BRDA:108,13,0,126
BRDA:108,13,1,77
BRF:27
BRH:27
end_of_record
TN:
SF:backend/controllers/CV.js
FN:112,(anonymous_0)
FN:131,(anonymous_1)
FN:145,(anonymous_2)
FN:151,(anonymous_3)
FN:163,(anonymous_4)
FN:168,(anonymous_5)
FN:179,(anonymous_6)
FN:182,(anonymous_7)
FN:192,(anonymous_8)
FN:195,(anonymous_9)
FN:205,(anonymous_10)
FN:208,(anonymous_11)
FN:218,(anonymous_12)
FN:221,(anonymous_13)
FN:231,(anonymous_14)
FN:234,(anonymous_15)
FN:244,(anonymous_16)
FN:254,(anonymous_17)
FN:257,(anonymous_18)
FN:259,(anonymous_19)
FN:269,(anonymous_20)
FN:288,(anonymous_21)
FN:296,(anonymous_22)
FN:310,(anonymous_23)
FN:322,(anonymous_24)
FN:330,(anonymous_25)
FN:334,(anonymous_26)
FN:448,(anonymous_27)
FN:481,(anonymous_28)
FN:485,(anonymous_29)
FN:486,(anonymous_30)
FN:492,(anonymous_31)
FN:493,(anonymous_32)
FNF:33
FNH:8
FNDA:3,(anonymous_0)
FNDA:4,(anonymous_1)
FNDA:0,(anonymous_2)
FNDA:0,(anonymous_3)
FNDA:0,(anonymous_4)
FNDA:0,(anonymous_5)
FNDA:0,(anonymous_6)
FNDA:0,(anonymous_7)
FNDA:0,(anonymous_8)
FNDA:0,(anonymous_9)
FNDA:0,(anonymous_10)
FNDA:0,(anonymous_11)
FNDA:0,(anonymous_12)
FNDA:0,(anonymous_13)
FNDA:0,(anonymous_14)
FNDA:0,(anonymous_15)
FNDA:0,(anonymous_16)
FNDA:0,(anonymous_17)
FNDA:0,(anonymous_18)
FNDA:0,(anonymous_19)
FNDA:0,(anonymous_20)
FNDA:1,(anonymous_21)
FNDA:3,(anonymous_22)
FNDA:2,(anonymous_23)
FNDA:0,(anonymous_24)
FNDA:0,(anonymous_25)
FNDA:4,(anonymous_26)
FNDA:12,(anonymous_27)
FNDA:17,(anonymous_28)
FNDA:0,(anonymous_29)
FNDA:0,(anonymous_30)
FNDA:0,(anonymous_31)
FNDA:0,(anonymous_32)
DA:4,5
DA:9,5
DA:11,5
DA:13,5
DA:15,5
DA:32,5
DA:36,5
DA:101,5
DA:105,5
DA:112,5
DA:131,5
DA:132,4
DA:133,4
DA:134,0
DA:135,0
DA:138,4
DA:141,4
DA:142,0
DA:143,0
DA:147,0
DA:151,0
DA:155,0
DA:159,4
DA:160,0
DA:161,0
DA:165,0
DA:168,0
DA:172,0
DA:176,4
DA:177,0
DA:178,0
DA:180,0
DA:182,0
DA:185,0
DA:189,4
DA:190,0
DA:191,0
DA:193,0
DA:195,0
DA:198,0
DA:202,4
DA:203,0
DA:204,0
DA:206,0
DA:208,0
DA:211,0
DA:215,4
DA:216,0
DA:217,0
DA:219,0
DA:221,0
DA:224,0
DA:228,4
DA:229,0
DA:230,0
DA:232,0
DA:234,0
DA:237,0
DA:241,4
DA:242,0
DA:243,0
DA:245,0
DA:251,0
DA:252,0
DA:253,0
DA:255,0
DA:257,0
DA:259,0
DA:261,0
DA:267,4
DA:268,0
DA:269,0
DA:270,0
DA:280,4
DA:281,4
DA:285,4
DA:288,5
DA:289,1
DA:290,1
DA:296,5
DA:297,3
DA:298,3
DA:302,3
DA:303,3
DA:306,1
DA:310,5
DA:311,2
DA:312,2
DA:319,1
DA:322,5
DA:323,0
DA:324,0
DA:330,0
DA:334,5
DA:335,4
DA:339,4
DA:341,4
DA:447,4
DA:448,12
DA:479,4
DA:481,17
DA:485,5
DA:486,0
DA:487,0
DA:488,0
DA:489,0
DA:492,0
DA:493,0
DA:497,5
LF:109
LH:50
BRDA:126,0,0,0
BRDA:126,0,1,3
BRDA:127,1,0,3
BRDA:127,1,1,0
BRDA:127,2,0,3
BRDA:127,2,1,3
BRDA:127,2,2,3
BRDA:128,3,0,3
BRDA:128,3,1,0
BRDA:128,4,0,3
BRDA:128,4,1,3
BRDA:133,5,0,0
BRDA:133,5,1,4
BRDA:141,6,0,0
BRDA:141,6,1,4
BRDA:159,7,0,0
BRDA:159,7,1,4
BRDA:176,8,0,0
BRDA:176,8,1,4
BRDA:189,9,0,0
BRDA:189,9,1,4
BRDA:202,10,0,0
BRDA:202,10,1,4
BRDA:215,11,0,0
BRDA:215,11,1,4
BRDA:228,12,0,0
BRDA:228,12,1,4
BRDA:241,13,0,0
BRDA:241,13,1,4
BRDA:251,14,0,0
BRDA:251,14,1,0
BRDA:267,15,0,0
BRDA:267,15,1,4
BRDA:365,16,0,2
BRDA:365,16,1,2
BRF:35
BRH:20
end_of_record
TN:
SF:backend/controllers/Opportunity.js
FN:81,(anonymous_0)
FN:90,(anonymous_1)
FN:93,(anonymous_2)
FN:112,(anonymous_3)
FN:121,(anonymous_4)
FN:128,(anonymous_5)
FN:153,(anonymous_6)
FN:156,(anonymous_7)
FN:165,(anonymous_8)
FN:168,(anonymous_9)
FN:178,(anonymous_10)
FN:183,(anonymous_11)
FN:186,(anonymous_12)
FN:199,(anonymous_13)
FN:207,(anonymous_14)
FN:210,(anonymous_15)
FN:219,(anonymous_16)
FN:225,(anonymous_17)
FN:243,(anonymous_18)
FN:253,(anonymous_19)
FN:256,(anonymous_20)
FN:263,(anonymous_21)
FN:277,(anonymous_22)
FN:283,(anonymous_23)
FN:290,(anonymous_24)
FNF:25
FNH:15
FNDA:2,(anonymous_0)
FNDA:0,(anonymous_1)
FNDA:0,(anonymous_2)
FNDA:1,(anonymous_3)
FNDA:1,(anonymous_4)
FNDA:2,(anonymous_5)
FNDA:16,(anonymous_6)
FNDA:0,(anonymous_7)
FNDA:0,(anonymous_8)
FNDA:4,(anonymous_9)
FNDA:24,(anonymous_10)
FNDA:9,(anonymous_11)
FNDA:4,(anonymous_12)
FNDA:24,(anonymous_13)
FNDA:36,(anonymous_14)
FNDA:24,(anonymous_15)
FNDA:4,(anonymous_16)
FNDA:4,(anonymous_17)
FNDA:1,(anonymous_18)
FNDA:0,(anonymous_19)
FNDA:0,(anonymous_20)
FNDA:0,(anonymous_21)
FNDA:0,(anonymous_22)
FNDA:0,(anonymous_23)
FNDA:0,(anonymous_24)
DA:13,5
DA:15,5
DA:17,5
DA:45,5
DA:81,5
DA:82,2
DA:84,2
DA:85,2
DA:87,1
DA:88,0
DA:89,0
DA:91,0
DA:93,0
DA:96,0
DA:99,1
DA:100,0
DA:101,0
DA:107,1
DA:109,1
DA:112,5
DA:113,1
DA:116,1
DA:121,5
DA:122,1
DA:125,1
DA:128,5
DA:129,2
DA:132,2
DA:133,1
DA:134,1
DA:151,2
DA:153,16
DA:156,5
DA:157,0
DA:165,0
DA:168,5
DA:169,4
DA:170,4
DA:175,3
DA:178,24
DA:183,9
DA:186,5
DA:188,4
DA:193,3
DA:199,24
DA:207,3
DA:208,36
DA:209,36
DA:210,24
DA:212,36
DA:213,12
DA:215,36
DA:219,5
DA:220,4
DA:225,5
DA:226,4
DA:230,4
DA:243,5
DA:244,1
DA:248,1
DA:251,1
DA:252,0
DA:254,0
DA:256,0
DA:259,0
DA:260,0
DA:263,0
DA:269,1
DA:270,1
DA:275,0
DA:276,0
DA:278,0
DA:283,0
DA:287,0
DA:290,0
DA:295,1
DA:298,5
LF:77
LH:56
BRDA:87,0,0,0
BRDA:87,0,1,1
BRDA:99,1,0,0
BRDA:99,1,1,1
BRDA:132,2,0,1
BRDA:132,2,1,1
BRDA:212,3,0,12
BRDA:212,3,1,24
BRDA:251,4,0,0
BRDA:251,4,1,1
BRDA:269,5,0,1
BRDA:269,5,1,0
BRDA:275,6,0,0
BRDA:275,6,1,0
BRF:14
BRH:8
end_of_record
TN:
SF:backend/controllers/Share.js
FN:10,(anonymous_0)
FN:33,(anonymous_1)
FN:45,(anonymous_2)
FN:46,(anonymous_3)
FNF:4
FNH:3
FNDA:0,(anonymous_0)
FNDA:1,(anonymous_1)
FNDA:4,(anonymous_2)
FNDA:4,(anonymous_3)
DA:1,5
DA:3,5
DA:8,5
DA:10,5
DA:11,0
DA:12,0
DA:15,0
DA:16,0
DA:19,0
DA:28,0
DA:33,5
DA:34,1
DA:35,1
DA:36,1
DA:44,1
DA:45,4
DA:46,1
DA:47,4
DA:52,0
DA:55,1
DA:58,5
LF:21
LH:14
BRDA:15,0,0,0
BRDA:15,0,1,0
BRDA:45,1,0,1
BRDA:45,1,1,0
BRF:4
BRH:1
end_of_record
TN:
SF:backend/controllers/User.js
FN:46,(anonymous_0)
FN:49,(anonymous_1)
FN:54,(anonymous_2)
FN:60,(anonymous_3)
FN:69,(anonymous_4)
FN:90,(anonymous_5)
FN:91,(anonymous_6)
FN:97,(anonymous_7)
FN:98,(anonymous_8)
FN:104,(anonymous_9)
FN:113,(anonymous_10)
FN:114,(anonymous_11)
FN:120,(anonymous_12)
FN:121,(anonymous_13)
FN:125,(anonymous_14)
FN:135,(anonymous_15)
FN:145,(anonymous_16)
FN:220,(anonymous_17)
FN:245,(anonymous_18)
FN:256,(anonymous_19)
FN:263,(anonymous_20)
FN:282,(anonymous_21)
FN:309,(anonymous_22)
FNF:23
FNH:18
FNDA:7,(anonymous_0)
FNDA:6,(anonymous_1)
FNDA:6,(anonymous_2)
FNDA:4,(anonymous_3)
FNDA:2,(anonymous_4)
FNDA:1,(anonymous_5)
FNDA:1,(anonymous_6)
FNDA:1,(anonymous_7)
FNDA:0,(anonymous_8)
FNDA:21,(anonymous_9)
FNDA:7,(anonymous_10)
FNDA:7,(anonymous_11)
FNDA:7,(anonymous_12)
FNDA:0,(anonymous_13)
FNDA:29,(anonymous_14)
FNDA:0,(anonymous_15)
FNDA:2,(anonymous_16)
FNDA:1,(anonymous_17)
FNDA:15,(anonymous_18)
FNDA:3,(anonymous_19)
FNDA:0,(anonymous_20)
FNDA:4,(anonymous_21)
FNDA:0,(anonymous_22)
DA:1,5
DA:6,5
DA:8,5
DA:9,5
DA:19,5
DA:46,5
DA:47,7
DA:49,6
DA:52,6
DA:54,6
DA:57,6
DA:60,5
DA:61,4
DA:62,4
DA:64,4
DA:65,4
DA:66,4
DA:67,3
DA:69,3
DA:70,2
DA:71,0
DA:78,2
DA:79,0
DA:86,2
DA:90,5
DA:91,1
DA:92,1
DA:93,1
DA:94,1
DA:97,1
DA:98,0
DA:104,5
DA:105,21
DA:106,21
DA:107,21
DA:113,5
DA:114,7
DA:115,7
DA:116,7
DA:117,7
DA:120,7
DA:121,0
DA:125,5
DA:126,29
DA:132,29
DA:135,5
DA:136,0
DA:137,0
DA:145,5
DA:146,2
DA:157,2
DA:158,0
DA:159,0
DA:177,2
DA:178,2
DA:185,2
DA:217,2
DA:220,5
DA:221,1
DA:222,1
DA:239,1
DA:240,1
DA:242,1
DA:245,5
DA:246,15
DA:251,15
DA:253,15
DA:256,5
DA:257,3
DA:263,5
DA:264,0
DA:282,5
DA:284,4
DA:285,4
DA:286,2
DA:288,4
DA:289,1
DA:291,4
DA:309,5
DA:310,0
DA:327,5
LF:81
LH:71
BRDA:65,0,0,4
BRDA:65,0,1,0
BRDA:70,1,0,0
BRDA:70,1,1,2
BRDA:70,2,0,2
BRDA:70,2,1,0
BRDA:78,3,0,0
BRDA:78,3,1,2
BRDA:78,4,0,2
BRDA:78,4,1,0
BRDA:157,5,0,0
BRDA:157,5,1,2
BRDA:177,6,0,2
BRDA:177,6,1,0
BRDA:177,7,0,2
BRDA:177,7,1,1
BRDA:239,8,0,1
BRDA:239,8,1,0
BRDA:251,9,0,0
BRDA:251,9,1,15
BRDA:285,10,0,2
BRDA:285,10,1,2
BRDA:288,11,0,1
BRDA:288,11,1,3
BRF:24
BRH:15
end_of_record
TN:
SF:backend/controllers/airtable.js
FNF:0
FNH:0
DA:1,5
DA:3,5
DA:7,5
LF:3
LH:3
BRF:0
BRH:0
end_of_record
TN:
SF:backend/controllers/aws.js
FN:10,(anonymous_0)
FN:11,(anonymous_1)
FN:21,(anonymous_2)
FN:33,(anonymous_3)
FN:34,(anonymous_4)
FN:41,(anonymous_5)
FN:52,(anonymous_6)
FNF:7
FNH:3
FNDA:0,(anonymous_0)
FNDA:0,(anonymous_1)
FNDA:0,(anonymous_2)
FNDA:3,(anonymous_3)
FNDA:3,(anonymous_4)
FNDA:3,(anonymous_5)
FNDA:0,(anonymous_6)
DA:1,5
DA:2,5
DA:5,5
DA:10,5
DA:11,0
DA:13,0
DA:22,0
DA:23,0
DA:25,0
DA:26,0
DA:33,5
DA:34,3
DA:36,3
DA:42,3
DA:43,3
DA:45,0
DA:52,5
DA:54,0
DA:55,0
DA:58,5
LF:20
LH:11
BRDA:22,0,0,0
BRDA:22,0,1,0
BRDA:42,1,0,3
BRDA:42,1,1,0
BRF:4
BRH:1
end_of_record
TN:
SF:backend/controllers/mail.js
FN:24,(anonymous_0)
FNF:1
FNH:1
FNDA:6,(anonymous_0)
DA:1,5
DA:3,5
DA:13,5
DA:14,5
DA:24,5
DA:25,6
DA:39,6
DA:42,5
LF:8
LH:8
BRF:0
BRH:0
end_of_record
TN:
SF:backend/db/models/ambition.js
FN:3,(anonymous_0)
FN:11,(anonymous_1)
FN:14,(anonymous_2)
FNF:3
FNH:2
FNDA:5,(anonymous_0)
FNDA:0,(anonymous_1)
FNDA:5,(anonymous_2)
DA:1,5
DA:3,5
DA:4,5
DA:11,5
DA:12,0
DA:14,5
DA:16,5
DA:23,5
LF:8
LH:7
BRF:0
BRH:0
end_of_record
TN:
SF:backend/db/models/businessline.js
FN:3,(anonymous_0)
FN:14,(anonymous_1)
FN:19,(anonymous_2)
FNF:3
FNH:2
FNDA:5,(anonymous_0)
FNDA:0,(anonymous_1)
FNDA:5,(anonymous_2)
DA:1,5
DA:3,5
DA:4,5
DA:14,5
DA:15,0
DA:16,0
DA:17,0
DA:19,5
DA:20,5
DA:27,5
LF:10
LH:7
BRF:0
BRH:0
end_of_record
TN:
SF:backend/db/models/contract.js
FN:3,(anonymous_0)
FN:11,(anonymous_1)
FN:14,(anonymous_2)
FNF:3
FNH:2
FNDA:5,(anonymous_0)
FNDA:0,(anonymous_1)
FNDA:5,(anonymous_2)
DA:1,5
DA:3,5
DA:4,5
DA:11,5
DA:12,0
DA:14,5
DA:15,5
DA:22,5
LF:8
LH:7
BRF:0
BRH:0
end_of_record
TN:
SF:backend/db/models/cv.js
FN:4,(anonymous_0)
FN:80,(anonymous_1)
FN:85,(anonymous_2)
FNF:3
FNH:3
FNDA:5,(anonymous_0)
FNDA:10,(anonymous_1)
FNDA:5,(anonymous_2)
DA:1,5
DA:2,5
DA:4,5
DA:5,5
DA:80,5
DA:81,10
DA:82,10
DA:83,10
DA:85,5
DA:87,5
DA:91,5
DA:95,5
DA:99,5
DA:103,5
DA:107,5
DA:112,5
DA:117,5
DA:120,5
DA:124,5
DA:130,5
LF:20
LH:20
BRF:0
BRH:0
end_of_record
TN:
SF:backend/db/models/cv_ambition.js
FN:3,(anonymous_0)
FNF:1
FNH:1
FNDA:5,(anonymous_0)
DA:3,5
DA:4,5
DA:29,5
LF:3
LH:3
BRF:0
BRH:0
end_of_record
TN:
SF:backend/db/models/cv_businesslines.js
FN:3,(anonymous_0)
FNF:1
FNH:1
FNDA:5,(anonymous_0)
DA:3,5
DA:4,5
DA:29,5
LF:3
LH:3
BRF:0
BRH:0
end_of_record
TN:
SF:backend/db/models/cv_contract.js
FN:3,(anonymous_0)
FN:26,(anonymous_1)
FNF:2
FNH:2
FNDA:5,(anonymous_0)
FNDA:5,(anonymous_1)
DA:3,5
DA:4,5
DA:26,5
DA:29,5
LF:4
LH:4
BRF:0
BRH:0
end_of_record
TN:
SF:backend/db/models/cv_language.js
FN:3,(anonymous_0)
FN:26,(anonymous_1)
FNF:2
FNH:2
FNDA:5,(anonymous_0)
FNDA:5,(anonymous_1)
DA:3,5
DA:4,5
DA:26,5
DA:29,5
LF:4
LH:4
BRF:0
BRH:0
end_of_record
TN:
SF:backend/db/models/cv_locations.js
FN:3,(anonymous_0)
FN:23,(anonymous_1)
FNF:2
FNH:2
FNDA:5,(anonymous_0)
FNDA:5,(anonymous_1)
DA:3,5
DA:4,5
DA:23,5
DA:27,5
LF:4
LH:4
BRF:0
BRH:0
end_of_record
TN:
SF:backend/db/models/cv_passion.js
FN:3,(anonymous_0)
FN:26,(anonymous_1)
FNF:2
FNH:2
FNDA:5,(anonymous_0)
FNDA:5,(anonymous_1)
DA:3,5
DA:4,5
DA:26,5
DA:29,5
LF:4
LH:4
BRF:0
BRH:0
end_of_record
TN:
SF:backend/db/models/cv_skill.js
FN:4,(anonymous_0)
FN:27,(anonymous_1)
FN:32,(anonymous_2)
FNF:3
FNH:2
FNDA:5,(anonymous_0)
FNDA:0,(anonymous_1)
FNDA:5,(anonymous_2)
DA:2,5
DA:4,5
DA:5,5
DA:27,5
DA:28,0
DA:29,0
DA:30,0
DA:32,5
DA:35,5
LF:9
LH:6
BRF:0
BRH:0
end_of_record
TN:
SF:backend/db/models/experience.js
FN:3,(anonymous_0)
FN:23,(anonymous_1)
FN:28,(anonymous_2)
FNF:3
FNH:2
FNDA:5,(anonymous_0)
FNDA:0,(anonymous_1)
FNDA:5,(anonymous_2)
DA:1,5
DA:3,5
DA:4,5
DA:23,5
DA:24,0
DA:25,0
DA:26,0
DA:28,5
DA:29,5
DA:30,5
DA:35,5
LF:11
LH:8
BRF:0
BRH:0
end_of_record
TN:
SF:backend/db/models/experience_skill.js
FN:4,(anonymous_0)
FN:27,(anonymous_1)
FN:32,(anonymous_2)
FNF:3
FNH:2
FNDA:5,(anonymous_0)
FNDA:0,(anonymous_1)
FNDA:5,(anonymous_2)
DA:2,5
DA:4,5
DA:5,5
DA:27,5
DA:28,0
DA:29,0
DA:30,0
DA:32,5
DA:35,5
LF:9
LH:6
BRF:0
BRH:0
end_of_record
TN:
SF:backend/db/models/index.js
FN:16,(anonymous_0)
FN:21,(anonymous_1)
FN:26,(anonymous_2)
FNF:3
FNH:3
FNDA:130,(anonymous_0)
FNDA:125,(anonymous_1)
FNDA:125,(anonymous_2)
DA:1,5
DA:2,5
DA:3,5
DA:4,5
DA:6,5
DA:8,5
DA:9,5
DA:11,5
DA:15,5
DA:17,130
DA:22,125
DA:23,125
DA:26,5
DA:27,125
DA:28,115
DA:32,5
DA:33,5
DA:35,5
LF:18
LH:18
BRDA:12,0,0,0
BRDA:12,0,1,5
BRDA:18,1,0,130
BRDA:18,1,1,130
BRDA:18,1,2,125
BRDA:27,2,0,115
BRDA:27,2,1,10
BRF:7
BRH:6
end_of_record
TN:
SF:backend/db/models/language.js
FN:3,(anonymous_0)
FN:11,(anonymous_1)
FN:14,(anonymous_2)
FNF:3
FNH:2
FNDA:5,(anonymous_0)
FNDA:0,(anonymous_1)
FNDA:5,(anonymous_2)
DA:1,5
DA:3,5
DA:4,5
DA:11,5
DA:12,0
DA:14,5
DA:15,5
DA:22,5
LF:8
LH:7
BRF:0
BRH:0
end_of_record
TN:
SF:backend/db/models/location.js
FN:3,(anonymous_0)
FN:8,(anonymous_1)
FN:14,(anonymous_2)
FNF:3
FNH:2
FNDA:5,(anonymous_0)
FNDA:0,(anonymous_1)
FNDA:5,(anonymous_2)
DA:1,5
DA:3,5
DA:4,5
DA:8,5
DA:9,0
DA:10,0
DA:11,0
DA:14,5
DA:15,5
DA:22,5
LF:10
LH:7
BRF:0
BRH:0
end_of_record
TN:
SF:backend/db/models/message.js
FN:3,(anonymous_0)
FN:109,(anonymous_1)
FN:112,(anonymous_2)
FNF:3
FNH:2
FNDA:5,(anonymous_0)
FNDA:0,(anonymous_1)
FNDA:5,(anonymous_2)
DA:1,5
DA:3,5
DA:4,5
DA:109,5
DA:110,0
DA:112,5
DA:115,5
LF:7
LH:6
BRF:0
BRH:0
end_of_record
TN:
SF:backend/db/models/opportunity.js
FN:3,(anonymous_0)
FN:60,(anonymous_1)
FN:66,(anonymous_2)
FNF:3
FNH:3
FNDA:5,(anonymous_0)
FNDA:16,(anonymous_1)
FNDA:5,(anonymous_2)
DA:1,5
DA:3,5
DA:4,5
DA:60,5
DA:61,16
DA:62,16
DA:63,16
DA:66,5
DA:67,5
DA:71,5
DA:75,5
DA:79,5
LF:12
LH:12
BRF:0
BRH:0
end_of_record
TN:
SF:backend/db/models/opportunity_businessline.js
FN:3,(anonymous_0)
FN:26,(anonymous_1)
FNF:2
FNH:2
FNDA:5,(anonymous_0)
FNDA:5,(anonymous_1)
DA:3,5
DA:4,5
DA:26,5
DA:29,5
LF:4
LH:4
BRF:0
BRH:0
end_of_record
TN:
SF:backend/db/models/opportunity_user.js
FN:6,(anonymous_0)
FN:50,(anonymous_1)
FN:51,(anonymous_2)
FN:69,(anonymous_3)
FNF:4
FNH:3
FNDA:5,(anonymous_0)
FNDA:5,(anonymous_1)
FNDA:0,(anonymous_2)
FNDA:4,(anonymous_3)
DA:4,5
DA:6,5
DA:7,5
DA:50,5
DA:51,5
DA:58,0
DA:67,5
DA:69,5
DA:70,4
DA:71,4
DA:73,4
DA:79,0
DA:80,0
DA:90,0
DA:97,0
DA:99,0
DA:102,0
DA:111,0
DA:121,5
LF:19
LH:11
BRDA:73,0,0,0
BRDA:73,0,1,4
BRDA:74,1,0,4
BRDA:74,1,1,4
BRDA:74,1,2,4
BRDA:74,1,3,0
BRDA:97,2,0,0
BRDA:97,2,1,0
BRF:8
BRH:4
end_of_record
TN:
SF:backend/db/models/passion.js
FN:3,(anonymous_0)
FN:11,(anonymous_1)
FN:14,(anonymous_2)
FNF:3
FNH:2
FNDA:5,(anonymous_0)
FNDA:0,(anonymous_1)
FNDA:5,(anonymous_2)
DA:1,5
DA:3,5
DA:4,5
DA:11,5
DA:12,0
DA:14,5
DA:15,5
DA:25,5
LF:8
LH:7
BRF:0
BRH:0
end_of_record
TN:
SF:backend/db/models/review.js
FN:3,(anonymous_0)
FN:27,(anonymous_1)
FN:32,(anonymous_2)
FNF:3
FNH:2
FNDA:5,(anonymous_0)
FNDA:0,(anonymous_1)
FNDA:5,(anonymous_2)
DA:1,5
DA:3,5
DA:4,5
DA:27,5
DA:28,0
DA:29,0
DA:30,0
DA:32,5
DA:33,5
DA:35,5
LF:10
LH:7
BRF:0
BRH:0
end_of_record
TN:
SF:backend/db/models/share.js
FN:3,(anonymous_0)
FN:32,(anonymous_1)
FN:33,(anonymous_2)
FNF:3
FNH:3
FNDA:5,(anonymous_0)
FNDA:5,(anonymous_1)
FNDA:30,(anonymous_2)
DA:1,5
DA:3,5
DA:4,5
DA:32,5
DA:33,5
DA:34,30
DA:35,30
DA:36,30
DA:40,5
LF:9
LH:9
BRF:0
BRH:0
end_of_record
TN:
SF:backend/db/models/skill.js
FN:3,(anonymous_0)
FN:11,(anonymous_1)
FN:16,(anonymous_2)
FNF:3
FNH:2
FNDA:5,(anonymous_0)
FNDA:0,(anonymous_1)
FNDA:5,(anonymous_2)
DA:1,5
DA:3,5
DA:4,5
DA:11,5
DA:12,0
DA:13,0
DA:14,0
DA:16,5
DA:17,5
LF:9
LH:6
BRF:0
BRH:0
end_of_record
TN:
SF:backend/db/models/user.js
FN:8,(anonymous_0)
FN:91,(anonymous_1)
FN:111,(anonymous_2)
FN:118,(anonymous_3)
FN:131,(anonymous_4)
FNF:5
FNH:5
FNDA:5,(anonymous_0)
FNDA:5,(anonymous_1)
FNDA:37,(anonymous_2)
FNDA:36,(anonymous_3)
FNDA:15,(anonymous_4)
DA:3,5
DA:6,5
DA:8,5
DA:10,5
DA:91,5
DA:92,5
DA:97,5
DA:105,5
DA:111,5
DA:112,37
DA:113,37
DA:114,37
DA:115,37
DA:118,5
DA:119,36
DA:120,30
DA:124,30
DA:128,36
DA:131,5
DA:132,15
DA:133,15
DA:134,15
DA:140,1
DA:141,1
DA:142,1
DA:149,0
DA:153,0
DA:154,0
DA:155,0
DA:156,0
DA:167,0
DA:171,0
DA:172,0
DA:177,0
DA:184,0
DA:191,5
LF:36
LH:26
BRDA:119,0,0,30
BRDA:119,0,1,6
BRDA:134,1,0,1
BRDA:134,1,1,14
BRDA:135,2,0,15
BRDA:135,2,1,15
BRDA:135,2,2,15
BRDA:135,2,3,15
BRDA:140,3,0,1
BRDA:140,3,1,0
BRDA:140,4,0,1
BRDA:140,4,1,1
BRDA:153,5,0,0
BRDA:153,5,1,0
BRDA:153,6,0,0
BRDA:153,6,1,0
BRDA:154,7,0,0
BRDA:154,7,1,0
BRF:18
BRH:11
end_of_record
TN:
SF:backend/db/models/user_candidat.js
FN:2,(anonymous_0)
FN:42,(anonymous_1)
FN:44,(anonymous_2)
FN:70,(anonymous_3)
FN:85,(anonymous_4)
FNF:5
FNH:3
FNDA:5,(anonymous_0)
FNDA:5,(anonymous_1)
FNDA:0,(anonymous_2)
FNDA:30,(anonymous_3)
FNDA:0,(anonymous_4)
DA:2,5
DA:3,5
DA:42,5
DA:44,5
DA:45,0
DA:52,5
DA:59,5
DA:64,5
DA:70,5
DA:71,30
DA:74,30
DA:75,30
DA:79,30
DA:80,0
DA:82,30
DA:85,5
DA:86,0
DA:87,0
DA:88,0
DA:94,0
DA:98,5
LF:21
LH:15
BRDA:79,0,0,0
BRDA:79,0,1,30
BRDA:88,1,0,0
BRDA:88,1,1,0
BRDA:89,2,0,0
BRDA:89,2,1,0
BRDA:89,2,2,0
BRDA:89,2,3,0
BRF:8
BRH:1
end_of_record
TN:
SF:backend/routes/api/v1/Auth.js
FN:22,(anonymous_0)
FN:45,(anonymous_1)
FN:67,(anonymous_2)
FN:74,(anonymous_3)
FN:91,(anonymous_4)
FN:114,(anonymous_5)
FN:131,(anonymous_6)
FN:140,(anonymous_7)
FN:153,(anonymous_8)
FN:176,(anonymous_9)
FN:185,(anonymous_10)
FN:201,(anonymous_11)
FN:244,(anonymous_12)
FN:252,(anonymous_13)
FN:261,(anonymous_14)
FN:276,(anonymous_15)
FN:281,(anonymous_16)
FNF:17
FNH:13
FNDA:24,(anonymous_0)
FNDA:22,(anonymous_1)
FNDA:1,(anonymous_2)
FNDA:3,(anonymous_3)
FNDA:2,(anonymous_4)
FNDA:2,(anonymous_5)
FNDA:0,(anonymous_6)
FNDA:3,(anonymous_7)
FNDA:3,(anonymous_8)
FNDA:0,(anonymous_9)
FNDA:4,(anonymous_10)
FNDA:4,(anonymous_11)
FNDA:1,(anonymous_12)
FNDA:0,(anonymous_13)
FNDA:1,(anonymous_14)
FNDA:1,(anonymous_15)
FNDA:0,(anonymous_16)
DA:1,5
DA:3,5
DA:4,5
DA:7,5
DA:10,5
DA:11,5
DA:12,5
DA:13,5
DA:14,5
DA:16,5
DA:22,5
DA:23,24
DA:25,24
DA:26,1
DA:33,23
DA:34,1
DA:41,22
DA:46,22
DA:47,0
DA:48,0
DA:51,22
DA:52,20
DA:53,20
DA:55,20
DA:60,2
DA:67,5
DA:68,1
DA:71,1
DA:74,5
DA:75,3
DA:76,3
DA:79,3
DA:80,3
DA:83,3
DA:84,1
DA:90,2
DA:92,2
DA:94,2
DA:95,1
DA:96,1
DA:99,1
DA:103,1
DA:104,1
DA:108,1
DA:109,1
DA:115,2
DA:116,1
DA:118,1
DA:120,1
DA:129,1
DA:132,0
DA:133,0
DA:140,5
DA:141,3
DA:146,3
DA:147,3
DA:150,3
DA:152,3
DA:154,3
DA:156,3
DA:157,1
DA:160,1
DA:166,2
DA:169,1
DA:170,1
DA:174,1
DA:177,0
DA:178,0
DA:185,5
DA:186,4
DA:190,4
DA:194,4
DA:195,4
DA:198,4
DA:200,4
DA:202,4
DA:203,4
DA:204,1
DA:207,1
DA:213,3
DA:216,1
DA:217,1
DA:221,2
DA:222,2
DA:223,1
DA:226,1
DA:232,1
DA:233,1
DA:237,1
DA:238,1
DA:239,1
DA:245,1
DA:246,1
DA:247,1
DA:249,0
DA:253,0
DA:254,0
DA:261,5
DA:267,1
DA:268,1
DA:269,1
DA:270,0
DA:272,1
DA:277,1
DA:278,0
DA:280,1
DA:282,0
DA:286,5
LF:108
LH:96
BRDA:25,0,0,1
BRDA:25,0,1,23
BRDA:33,1,0,1
BRDA:33,1,1,22
BRDA:46,2,0,0
BRDA:46,2,1,22
BRDA:51,3,0,20
BRDA:51,3,1,2
BRDA:83,4,0,1
BRDA:83,4,1,2
BRDA:94,5,0,1
BRDA:94,5,1,1
BRDA:115,6,0,1
BRDA:115,6,1,1
BRDA:156,7,0,1
BRDA:156,7,1,2
BRDA:166,8,0,1
BRDA:166,8,1,1
BRDA:203,9,0,1
BRDA:203,9,1,3
BRDA:213,10,0,1
BRDA:213,10,1,2
BRDA:222,11,0,1
BRDA:222,11,1,1
BRDA:245,12,0,1
BRDA:245,12,1,0
BRDA:269,13,0,0
BRDA:269,13,1,1
BRDA:277,14,0,0
BRDA:277,14,1,1
BRF:30
BRH:26
end_of_record
TN:
SF:backend/routes/api/v1/CV.js
FN:27,(anonymous_0)
FN:31,(anonymous_1)
FN:78,(anonymous_2)
FN:80,(anonymous_3)
FN:92,(anonymous_4)
FN:93,(anonymous_5)
FN:96,(anonymous_6)
FN:117,(anonymous_7)
FN:124,(anonymous_8)
FN:143,(anonymous_9)
FN:152,(anonymous_10)
FN:157,(anonymous_11)
FN:169,(anonymous_12)
FN:171,(anonymous_13)
FN:174,(anonymous_14)
FN:184,(anonymous_15)
FN:186,(anonymous_16)
FN:189,(anonymous_17)
FN:199,(anonymous_18)
FN:202,(anonymous_19)
FN:207,(anonymous_20)
FN:257,(anonymous_21)
FN:259,(anonymous_22)
FN:262,(anonymous_23)
FN:272,(anonymous_24)
FN:274,(anonymous_25)
FN:283,(anonymous_26)
FN:328,(anonymous_27)
FN:330,(anonymous_28)
FN:333,(anonymous_29)
FNF:30
FNH:16
FNDA:4,(anonymous_0)
FNDA:4,(anonymous_1)
FNDA:1,(anonymous_2)
FNDA:0,(anonymous_3)
FNDA:0,(anonymous_4)
FNDA:0,(anonymous_5)
FNDA:0,(anonymous_6)
FNDA:0,(anonymous_7)
FNDA:1,(anonymous_8)
FNDA:0,(anonymous_9)
FNDA:0,(anonymous_10)
FNDA:0,(anonymous_11)
FNDA:0,(anonymous_12)
FNDA:0,(anonymous_13)
FNDA:0,(anonymous_14)
FNDA:1,(anonymous_15)
FNDA:1,(anonymous_16)
FNDA:0,(anonymous_17)
FNDA:2,(anonymous_18)
FNDA:1,(anonymous_19)
FNDA:1,(anonymous_20)
FNDA:4,(anonymous_21)
FNDA:4,(anonymous_22)
FNDA:0,(anonymous_23)
FNDA:3,(anonymous_24)
FNDA:1,(anonymous_25)
FNDA:2,(anonymous_26)
FNDA:1,(anonymous_27)
FNDA:1,(anonymous_28)
FNDA:0,(anonymous_29)
DA:1,5
DA:2,5
DA:3,5
DA:4,5
DA:5,5
DA:6,5
DA:7,5
DA:8,5
DA:9,5
DA:10,5
DA:11,5
DA:12,5
DA:13,5
DA:14,5
DA:16,5
DA:22,5
DA:23,5
DA:29,4
DA:30,4
DA:31,4
DA:32,4
DA:34,1
DA:35,1
DA:39,3
DA:40,2
DA:42,3
DA:44,0
DA:45,0
DA:48,4
DA:49,0
DA:50,0
DA:51,0
DA:55,0
DA:61,0
DA:63,0
DA:67,4
DA:68,2
DA:69,2
DA:70,0
DA:72,2
DA:76,4
DA:80,1
DA:81,0
DA:92,0
DA:94,0
DA:96,0
DA:101,4
DA:102,4
DA:104,4
DA:105,1
DA:106,1
DA:108,1
DA:114,1
DA:116,1
DA:118,0
DA:124,1
DA:127,4
DA:128,4
DA:130,0
DA:132,0
DA:133,0
DA:143,5
DA:144,0
DA:153,0
DA:154,0
DA:155,0
DA:157,0
DA:158,0
DA:160,0
DA:169,5
DA:170,0
DA:172,0
DA:175,0
DA:176,0
DA:184,5
DA:185,1
DA:187,1
DA:190,0
DA:191,0
DA:199,5
DA:200,2
DA:201,2
DA:205,1
DA:208,1
DA:209,1
DA:257,5
DA:258,4
DA:260,4
DA:263,0
DA:264,0
DA:272,5
DA:273,3
DA:275,1
DA:276,1
DA:277,1
DA:279,0
DA:280,0
DA:284,2
DA:285,2
DA:328,5
DA:329,1
DA:331,1
DA:334,0
DA:335,0
DA:339,5
LF:105
LH:69
BRDA:30,0,0,2
BRDA:30,0,1,2
BRDA:32,1,0,1
BRDA:32,1,1,1
BRDA:32,1,2,3
BRDA:32,1,3,0
BRDA:39,2,0,2
BRDA:39,2,1,1
BRDA:48,3,0,0
BRDA:48,3,1,4
BRDA:67,4,0,2
BRDA:67,4,1,2
BRDA:76,5,0,1
BRDA:76,5,1,3
BRDA:104,6,0,1
BRDA:104,6,1,3
BRDA:153,7,0,0
BRDA:153,7,1,0
BRDA:275,8,0,1
BRDA:275,8,1,0
BRF:20
BRH:15
end_of_record
TN:
SF:backend/routes/api/v1/Mail.js
FN:7,(anonymous_0)
FN:17,(anonymous_1)
FN:21,(anonymous_2)
FNF:3
FNH:2
FNDA:3,(anonymous_0)
FNDA:2,(anonymous_1)
FNDA:0,(anonymous_2)
DA:1,5
DA:3,5
DA:4,5
DA:5,5
DA:7,5
DA:9,3
DA:10,3
DA:11,2
DA:18,2
DA:19,2
DA:22,0
DA:23,0
DA:26,1
DA:30,5
LF:14
LH:12
BRDA:10,0,0,2
BRDA:10,0,1,1
BRDA:10,1,0,3
BRDA:10,1,1,2
BRDA:10,1,2,2
BRDA:10,1,3,2
BRDA:15,2,0,2
BRDA:15,2,1,1
BRDA:15,3,0,2
BRDA:15,3,1,1
BRF:10
BRH:10
end_of_record
TN:
SF:backend/routes/api/v1/Opportunity.js
FN:16,(anonymous_0)
FN:18,(anonymous_1)
FN:19,(anonymous_2)
FN:36,(anonymous_3)
FN:38,(anonymous_4)
FN:44,(anonymous_5)
FN:63,(anonymous_6)
FN:64,(anonymous_7)
FN:66,(anonymous_8)
FN:69,(anonymous_9)
FN:89,(anonymous_10)
FN:90,(anonymous_11)
FN:92,(anonymous_12)
FN:95,(anonymous_13)
FN:141,(anonymous_14)
FN:142,(anonymous_15)
FN:147,(anonymous_16)
FN:148,(anonymous_17)
FN:164,(anonymous_18)
FN:166,(anonymous_19)
FN:169,(anonymous_20)
FN:188,(anonymous_21)
FN:189,(anonymous_22)
FN:191,(anonymous_23)
FN:194,(anonymous_24)
FN:210,(anonymous_25)
FN:212,(anonymous_26)
FN:215,(anonymous_27)
FNF:28
FNH:24
FNDA:2,(anonymous_0)
FNDA:1,(anonymous_1)
FNDA:1,(anonymous_2)
FNDA:2,(anonymous_3)
FNDA:2,(anonymous_4)
FNDA:0,(anonymous_5)
FNDA:6,(anonymous_6)
FNDA:4,(anonymous_7)
FNDA:3,(anonymous_8)
FNDA:1,(anonymous_9)
FNDA:6,(anonymous_10)
FNDA:4,(anonymous_11)
FNDA:3,(anonymous_12)
FNDA:1,(anonymous_13)
FNDA:6,(anonymous_14)
FNDA:4,(anonymous_15)
FNDA:3,(anonymous_16)
FNDA:1,(anonymous_17)
FNDA:1,(anonymous_18)
FNDA:1,(anonymous_19)
FNDA:0,(anonymous_20)
FNDA:6,(anonymous_21)
FNDA:4,(anonymous_22)
FNDA:4,(anonymous_23)
FNDA:0,(anonymous_24)
FNDA:1,(anonymous_25)
FNDA:1,(anonymous_26)
FNDA:0,(anonymous_27)
DA:1,5
DA:3,5
DA:4,5
DA:5,5
DA:6,5
DA:7,5
DA:16,5
DA:17,2
DA:18,1
DA:20,1
DA:21,1
DA:36,5
DA:37,2
DA:39,2
DA:42,2
DA:45,0
DA:46,0
DA:60,5
DA:64,6
DA:65,4
DA:67,3
DA:70,1
DA:71,1
DA:86,5
DA:90,6
DA:91,4
DA:93,3
DA:96,1
DA:97,1
DA:138,5
DA:142,6
DA:143,4
DA:147,3
DA:149,1
DA:150,1
DA:164,5
DA:165,1
DA:167,1
DA:170,0
DA:171,0
DA:188,5
DA:189,6
DA:190,4
DA:192,4
DA:195,0
DA:196,0
DA:210,5
DA:211,1
DA:213,1
DA:216,0
DA:217,0
DA:221,5
LF:52
LH:44
BRF:0
BRH:0
end_of_record
TN:
SF:backend/routes/api/v1/User.js
FN:25,(anonymous_0)
FN:26,fakePassword
FN:42,(anonymous_2)
FN:62,(anonymous_3)
FN:97,(anonymous_4)
FN:108,(anonymous_5)
FN:111,(anonymous_6)
FN:116,(anonymous_7)
FN:123,(anonymous_8)
FN:133,(anonymous_9)
FN:135,(anonymous_10)
FN:139,(anonymous_11)
FN:149,(anonymous_12)
FN:155,(anonymous_13)
FN:158,(anonymous_14)
FN:199,(anonymous_15)
FN:200,(anonymous_16)
FN:205,(anonymous_17)
FN:209,(anonymous_18)
FN:224,(anonymous_19)
FN:226,(anonymous_20)
FN:246,(anonymous_21)
FN:253,(anonymous_22)
FN:261,(anonymous_23)
FN:270,(anonymous_24)
FN:272,(anonymous_25)
FN:274,(anonymous_26)
FN:278,(anonymous_27)
FN:290,(anonymous_28)
FN:291,(anonymous_29)
FN:292,(anonymous_30)
FN:294,(anonymous_31)
FN:301,(anonymous_32)
FN:313,(anonymous_33)
FN:329,(anonymous_34)
FN:331,(anonymous_35)
FN:334,(anonymous_36)
FNF:37
FNH:28
FNDA:4,(anonymous_0)
FNDA:1,fakePassword
FNDA:2,(anonymous_2)
FNDA:2,(anonymous_3)
FNDA:2,(anonymous_4)
FNDA:2,(anonymous_5)
FNDA:3,(anonymous_6)
FNDA:0,(anonymous_7)
FNDA:0,(anonymous_8)
FNDA:1,(anonymous_9)
FNDA:1,(anonymous_10)
FNDA:0,(anonymous_11)
FNDA:5,(anonymous_12)
FNDA:4,(anonymous_13)
FNDA:0,(anonymous_14)
FNDA:7,(anonymous_15)
FNDA:6,(anonymous_16)
FNDA:4,(anonymous_17)
FNDA:2,(anonymous_18)
FNDA:2,(anonymous_19)
FNDA:2,(anonymous_20)
FNDA:1,(anonymous_21)
FNDA:0,(anonymous_22)
FNDA:0,(anonymous_23)
FNDA:5,(anonymous_24)
FNDA:3,(anonymous_25)
FNDA:3,(anonymous_26)
FNDA:0,(anonymous_27)
FNDA:7,(anonymous_28)
FNDA:6,(anonymous_29)
FNDA:4,(anonymous_30)
FNDA:4,(anonymous_31)
FNDA:0,(anonymous_32)
FNDA:4,(anonymous_33)
FNDA:1,(anonymous_34)
FNDA:1,(anonymous_35)
FNDA:0,(anonymous_36)
DA:1,5
DA:2,5
DA:6,5
DA:9,5
DA:12,5
DA:15,5
DA:17,5
DA:18,5
DA:19,5
DA:25,5
DA:27,1
DA:31,4
DA:35,4
DA:37,4
DA:43,2
DA:48,2
DA:60,2
DA:63,2
DA:64,2
DA:65,1
DA:67,1
DA:97,5
DA:98,2
DA:101,2
DA:109,2
DA:110,2
DA:112,3
DA:114,3
DA:115,2
DA:116,0
DA:119,3
DA:124,0
DA:125,0
DA:133,5
DA:134,1
DA:136,1
DA:137,1
DA:140,0
DA:141,0
DA:149,5
DA:151,5
DA:154,4
DA:156,4
DA:159,0
DA:160,0
DA:163,1
DA:196,5
DA:200,7
DA:201,6
DA:206,4
DA:207,4
DA:210,2
DA:211,2
DA:221,5
DA:225,2
DA:230,2
DA:235,2
DA:239,1
DA:242,1
DA:247,1
DA:248,0
DA:250,1
DA:251,1
DA:254,0
DA:255,0
DA:258,1
DA:262,0
DA:270,5
DA:272,5
DA:273,3
DA:275,3
DA:276,3
DA:279,0
DA:280,0
DA:281,0
DA:290,5
DA:291,7
DA:292,6
DA:293,4
DA:295,4
DA:296,0
DA:298,4
DA:299,4
DA:302,0
DA:303,0
DA:307,6
DA:308,6
DA:310,6
DA:311,2
DA:313,4
DA:314,2
DA:317,2
DA:329,5
DA:330,1
DA:332,1
DA:335,0
DA:336,0
DA:340,5
LF:98
LH:79
BRDA:31,0,0,4
BRDA:31,0,1,1
BRDA:64,1,0,1
BRDA:64,1,1,1
BRDA:114,2,0,2
BRDA:114,2,1,1
BRDA:114,3,0,3
BRDA:114,3,1,2
BRDA:151,4,0,4
BRDA:151,4,1,1
BRDA:151,5,0,5
BRDA:151,5,1,4
BRDA:151,5,2,2
BRDA:201,6,0,3
BRDA:201,6,1,3
BRDA:235,7,0,1
BRDA:235,7,1,1
BRDA:247,8,0,0
BRDA:247,8,1,1
BRDA:295,9,0,0
BRDA:295,9,1,4
BRDA:310,10,0,2
BRDA:310,10,1,4
BRDA:313,11,0,2
BRDA:313,11,1,2
BRF:25
BRH:23
end_of_record
TN:
SF:backend/utils/DataFormatting.js
FN:1,(anonymous_0)
FN:5,(anonymous_1)
FN:8,(anonymous_2)
FN:11,(anonymous_3)
FN:14,(anonymous_4)
FN:17,(anonymous_5)
FN:20,(anonymous_6)
FN:23,(anonymous_7)
FN:26,(anonymous_8)
FN:28,(anonymous_9)
FN:36,(anonymous_10)
FN:40,(anonymous_11)
FN:45,(anonymous_12)
FNF:13
FNH:2
FNDA:18,(anonymous_0)
FNDA:0,(anonymous_1)
FNDA:0,(anonymous_2)
FNDA:0,(anonymous_3)
FNDA:0,(anonymous_4)
FNDA:0,(anonymous_5)
FNDA:0,(anonymous_6)
FNDA:0,(anonymous_7)
FNDA:0,(anonymous_8)
FNDA:0,(anonymous_9)
FNDA:63,(anonymous_10)
FNDA:0,(anonymous_11)
FNDA:0,(anonymous_12)
DA:1,5
DA:2,18
DA:3,18
DA:4,18
DA:5,18
DA:7,18
DA:8,6
DA:10,18
DA:11,6
DA:13,18
DA:14,6
DA:16,18
DA:17,18
DA:19,18
DA:20,18
DA:22,18
DA:23,18
DA:25,18
DA:26,6
DA:27,0
DA:28,0
DA:30,0
DA:33,18
DA:36,5
DA:37,63
DA:38,63
DA:39,63
DA:40,62
DA:42,63
DA:45,5
DA:46,0
DA:48,5
LF:32
LH:28
BRDA:2,0,0,0
BRDA:2,0,1,18
BRDA:4,1,0,18
BRDA:4,1,1,0
BRDA:7,2,0,6
BRDA:7,2,1,12
BRDA:10,3,0,6
BRDA:10,3,1,12
BRDA:13,4,0,6
BRDA:13,4,1,12
BRDA:16,5,0,18
BRDA:16,5,1,0
BRDA:19,6,0,18
BRDA:19,6,1,0
BRDA:22,7,0,18
BRDA:22,7,1,0
BRDA:25,8,0,6
BRDA:25,8,1,12
BRDA:27,9,0,0
BRDA:27,9,1,0
BRDA:37,10,0,0
BRDA:37,10,1,63
BRDA:39,11,0,62
BRDA:39,11,1,1
BRF:24
BRH:16
end_of_record
TN:
SF:backend/utils/DatabaseQueries.js
FN:1,(anonymous_0)
FN:10,(anonymous_1)
FNF:2
FNH:2
FNDA:4,(anonymous_0)
FNDA:36,(anonymous_1)
DA:1,5
DA:2,4
DA:10,5
DA:11,36
DA:14,5
LF:5
LH:5
BRDA:2,0,0,2
BRDA:2,0,1,2
BRF:2
BRH:2
end_of_record
TN:
SF:backend/utils/RateLimiter.js
FN:6,(anonymous_0)
FN:15,(anonymous_1)
FNF:2
FNH:2
FNDA:10,(anonymous_0)
FNDA:10,(anonymous_1)
DA:1,5
DA:2,5
DA:7,10
DA:8,5
DA:12,10
DA:16,10
DA:17,10
DA:24,5
LF:8
LH:8
BRDA:7,0,0,5
BRDA:7,0,1,5
BRDA:19,1,0,10
BRDA:19,1,1,0
BRF:4
BRH:3
end_of_record
TN:
SF:backend/utils/RoleManagement.js
FN:3,(anonymous_0)
FN:14,(anonymous_1)
FNF:2
FNH:2
FNDA:14,(anonymous_0)
FNDA:33,(anonymous_1)
DA:1,5
DA:3,5
DA:4,14
DA:7,12
DA:10,2
DA:14,5
DA:15,33
DA:18,23
DA:21,10
DA:25,5
LF:10
LH:10
BRDA:4,0,0,12
BRDA:4,0,1,2
BRDA:4,1,0,14
BRDA:4,1,1,10
BRDA:4,1,2,8
BRDA:15,2,0,23
BRDA:15,2,1,10
BRDA:15,3,0,33
BRDA:15,3,1,11
BRDA:15,3,2,27
BRDA:15,3,3,15
BRDA:15,3,4,17
BRF:12
BRH:12
end_of_record
TN:
SF:backend/utils/env.js
FN:7,(anonymous_0)
FNF:1
FNH:1
FNDA:14,(anonymous_0)
DA:1,5
DA:2,5
DA:7,5
DA:8,14
DA:9,14
DA:12,5
LF:6
LH:6
BRDA:8,0,0,14
BRDA:8,0,1,0
BRF:2
BRH:1
end_of_record
TN:
SF:backend/utils/index.js
FNF:0
FNH:0
DA:1,5
DA:2,5
DA:3,5
DA:5,5
LF:4
LH:4
BRF:0
BRH:0
end_of_record
